2021-04-28 12:25:42 [scrapy] DEBUG: Crawled (200) <GET https://www.metacritic.com/robots.txt> (referer: None)
2021-04-28 12:25:42 [scrapy] DEBUG: Crawled (200) <GET https://www.metacritic.com/game/playstation-2/grimgrimoire> (referer: None)
2021-04-28 12:25:42 [scrapy] DEBUG: Scraped from <200 https://www.metacritic.com/game/playstation-2/grimgrimoire>
{'id': 'a1dded3ebe032fdf8085ffa4020c155b15e28e238e2e9039904f90c191375454',
 'img_url': 'https://static.metacritic.com/images/products/games/4/e29484df3fe842429c61a74e21b5878c-98.jpg',
 'metaScore': '79',
 'meta_mixed': 8,
 'meta_negative': 0,
 'meta_positive': 31,
 'name': 'GrimGrimoire',
 'platform': 'PlayStation 2',
 'publisher': 'NIS America',
 'releaseDate': 'Jun 26, 2007',
 'summary': 'Lillet Blan was very excited. Her heart had been racing since the '
            'moment she heard Lillet had been invited to enroll into a Magic '
            'Academy where only talented youths were personally sought out by '
            'the greatest wizards. The school was lead by the famous wizard, '
            'Gammel Dore, who had once defeated the Archmage. And the campus '
            'on which they study, the Silver Star tower, was once the '
            "destroyed Archmage's castle. The tower was full of unsolved "
            'mysteries and dangers, and this attracted many who had their own '
            'personal reasons in mind. Lilet had opened her first grimoire, '
            'and began her studies. But only five days later, a terrifying '
            'disaster threatens the academy, and all lives are lost. All '
            'except she, who had traveled back throgh time without knowing '
            'why...Can Lillet come closer to the truth by repeating days? Can '
            'she end the nightmare at the end of those five days? [NIS '
            'America]',
 'userScore': '9.8',
 'user_mixed': 1,
 'user_negative': 6,
 'user_positive': 7}
2021-04-28 12:25:42 [scrapy] DEBUG: Crawled (200) <GET https://www.metacritic.com/game/playstation-2/grimgrimoire/user-reviews> (referer: https://www.metacritic.com/game/playstation-2/grimgrimoire)
2021-04-28 12:25:42 [scrapy] DEBUG: Crawled (200) <GET https://www.metacritic.com/game/playstation-2/grimgrimoire/critic-reviews> (referer: https://www.metacritic.com/game/playstation-2/grimgrimoire)
2021-04-28 12:25:42 [scrapy] DEBUG: Scraped from <200 https://www.metacritic.com/game/playstation-2/grimgrimoire/user-reviews>
{'content': 'A great game and change for fans of RTS, and a great beginner RTS '
            'for those just getting into the genre. The story is original and '
            'the characters all have their individual charms. The "Harry '
            'Potter rip-off" comments all seem to be from people who forget '
            'there are thousands of books, tv shows, etc about kids going off '
            "to magic school, and the philosopher's stone wasn't invented by "
            "J.K. So if you're worried Grim Grimoire is just like Harry "
            "Potter, don't be. Grim Grimoire's story is a lot more mature and "
            'in-depth. This game used to be everywhere for pretty cheap, but '
            'is not starting to fade away. Grab a copy before it disappears.',
 'date': 'Apr  8, 2009',
 'game_id': 'a1dded3ebe032fdf8085ffa4020c155b15e28e238e2e9039904f90c191375454',
 'score': 10.0,
 'source': 'JenC',
 'type': 'user'}
2021-04-28 12:25:42 [scrapy] DEBUG: Scraped from <200 https://www.metacritic.com/game/playstation-2/grimgrimoire/user-reviews>
{'content': 'I truly enjoyed this title. The plot, while certainly influenced '
            'by Harry Potter, was original in its execution and twists. I '
            'loved the dark tones to the characters, and the story was a "page '
            'turner" until the very end. As a 2-D RTS, you won\'t find another '
            "game quite like this. The difficulty isn't high, but there will "
            'be some stages that will require you to try a different strategy. '
            "Overall I'm glad to see this breath of fresh air from Vanillaware "
            '(along with Odin Sphere), and am eagerly awaiting their next game '
            "(though I'd love to see the original Princess Crown).",
 'date': 'Jul 28, 2007',
 'game_id': 'a1dded3ebe032fdf8085ffa4020c155b15e28e238e2e9039904f90c191375454',
 'score': 10.0,
 'source': 'TomH.',
 'type': 'user'}
2021-04-28 12:25:42 [scrapy] DEBUG: Scraped from <200 https://www.metacritic.com/game/playstation-2/grimgrimoire/user-reviews>
{'content': 'You have probably never thought about it, but if given the '
            'opportunity to create and command your own army of elfves, '
            'fairys, imps demons, dragon, cats, ghosts, blobs and chimeras and '
            'plenty more then this game is perfect for your.',
 'date': 'Mar  9, 2014',
 'game_id': 'a1dded3ebe032fdf8085ffa4020c155b15e28e238e2e9039904f90c191375454',
 'score': 9.0,
 'source': 'gawster',
 'type': 'user'}
2021-04-28 12:25:42 [scrapy] DEBUG: Scraped from <200 https://www.metacritic.com/game/playstation-2/grimgrimoire/user-reviews>
{'content': 'None of the review blurbs here at metacritic mentioned that the '
            'plot was a total ripoff of Harry Potter. The battle system is '
            'okay, but frankly, western companies do it way better and without '
            'those cutesy little aesthetics. Hearing fairies and elves say '
            '"Okay! Okay! Okay!" every time you do anything overwhelms all the '
            'fun aspects of the game. And like I mentioned, the plot is a '
            "total complete ripoff of Harry Potter. The headmaster's name is "
            "'Gammel Dore' for christ's sake.",
 'date': 'Jul 11, 2007',
 'game_id': 'a1dded3ebe032fdf8085ffa4020c155b15e28e238e2e9039904f90c191375454',
 'score': 5.0,
 'source': 'ChrisC.',
 'type': 'user'}
2021-04-28 12:25:42 [scrapy] DEBUG: Scraped from <200 https://www.metacritic.com/game/playstation-2/grimgrimoire/user-reviews>
{'content': "If this game's story is a rip off of Harry Potter, then I never "
            'want to read a Harry Potter book or watch a Harry Potter movie. '
            'The story is filled with random characters who all have little '
            "motivation to do what they are doing. It's as if the developers "
            'made some story, then actually played a mission... Then they '
            'tried to continue their story without reviewing what they wrote '
            "before the mission. There's a whole disjointed feel to it all. "
            "It's as if the story and characters are all trying to go "
            "somewhere but don't go anywhere at all. Yes, it's a beginner's "
            "RTS game, but it's not very user friendly. I think it would have "
            'been great on the PC. It sort of reminds of StarCraft Brood War '
            'in a sense that there are no rally points and you can only select '
            'a small amount of units. So the game is you constantly selecting '
            'units and then constantly scrolling back to your base (since '
            'there are no hotkeys) to make units. I will say that the art is '
            'awesome.',
 'date': 'Mar 29, 2013',
 'game_id': 'a1dded3ebe032fdf8085ffa4020c155b15e28e238e2e9039904f90c191375454',
 'score': 3.0,
 'source': 'AceOfCakez',
 'type': 'user'}
2021-04-28 12:25:42 [scrapy] DEBUG: Scraped from <200 https://www.metacritic.com/game/playstation-2/grimgrimoire/user-reviews>
{'content': 'Pretty interesting and awesome strategy game. Fairly easy until '
            'the very last part. Enjoyed it, good story',
 'date': 'Mar 30, 2018',
 'game_id': 'a1dded3ebe032fdf8085ffa4020c155b15e28e238e2e9039904f90c191375454',
 'score': 8.0,
 'source': 'gabes1919',
 'type': 'user'}
2021-04-28 12:25:42 [scrapy] DEBUG: Scraped from <200 https://www.metacritic.com/game/playstation-2/grimgrimoire/user-reviews>
{'content': "I'm not good at RTS games, but I love George Kamitani's work and "
            'in the end GrimGrimoire delivered a thrilling strategy experience '
            'and a nice and interesting story (I see that a lot of people are '
            'saying that this is a ripoff of Harry Potter for the most mundane '
            "things tho' Kamitani is well known to took inspiration from "
            'western media such as Disney, D&D, etc.). This game looks '
            'beautiful, the character design and background design in the '
            'cutscenes is gorgeous, the music is good and the game play at '
            'least for a noob like me is good, but, my biggest issue is the '
            'variety of stages, every battle feels almost identical and kinda '
            'repetitive because the stages look almost similar, I mean there '
            'are important differences on their structure but nothing too '
            'dramatic to fool your mind, imagine that you play a fighting game '
            'and you only play in the same stage with the same background, '
            'sure every fight will be different but then again it feels tired, '
            'that aside what keeps me going was the story, it has a very '
            "interesting twist and is almost like a character study. I don't "
            "recommend this game to everyone and if you're like me you will "
            "feel overwhelmed by the RTS game play, but if you're a fan of "
            'Vanillaware or Kamitani give it a shot, it will not disappoint.',
 'date': 'Aug  7, 2018',
 'game_id': 'a1dded3ebe032fdf8085ffa4020c155b15e28e238e2e9039904f90c191375454',
 'score': 8.0,
 'source': 'XV_',
 'type': 'user'}
2021-04-28 12:25:42 [scrapy] DEBUG: Scraped from <200 https://www.metacritic.com/game/playstation-2/grimgrimoire/user-reviews>
{'content': 'ਲੋੜੀਂਦੀ ਜਾਣਕਾਰੀ ਪ੍ਰਾਪਤ ਕੀਤੀ ਜਾ ਸਕਦੀ ਹੈ. ਮੌਰਿਸ ਹੋਮਵਰਕ, ਸਾਫਟ ਚੌਕਲੇਟ '
            'ਜੋ ਮਹੱਤਵਪੂਰਣ ਹੈ, ਸਾਸ ਦੀ ਕੀਮਤ ਸ਼ੁਰੂ ਹੁੰਦੀ ਹੈ. ਨਾਮ ਮੇਕਅਪ ਪਰਤ ਲੀਕ '
            'ਹੋਣਾ. ਇੱਕ ਬਹੁਤ ਵੱਡਾ ਅਭਿਆਸ  ਵੇਸਟੀਬੂਲਮ ਸਲੀਕਸੀਡਿਨ. ਪਰ ਟੈਲੀਵੀਜ਼ਨ ਤੋਂ '
            'ਪਹਿਲਾਂ ਦੀ ਜ਼ਿੰਦਗੀ. ਨਿਸ਼ਾਨਾ ਗ੍ਰਾਹਕ ਸੈਰ ਸਪਾਟਾ, ਫੁਟਬਾਲ ਅਤੇ ਸੰਤਰੀ '
            'ਮਿਰਚ ਵਿੱਤ. ਕਲੀਨਿਕਲ ਡਿਵੈਲਪਰ ਵਿੱਤੀ ਝੀਲਾਂ ਜੋ ਹਮੇਸ਼ਾਂ ਚਲਦੀਆਂ ਰਹਿੰਦੀਆਂ '
            'ਹਨ. ਤੁਹਾਨੂੰ ਕੀ ਕਰਨਾ ਚਾਹੀਦਾ ਹੈ ਦੇ ਤੌਰ ਤੇ ਕੰਮ ਕਰ ਸਕਦੇ ਹੋ. ਜੈਸਮੀਨ '
            'ਕਟੌਤੀਯੋਗ ਦੇਖਭਾਲ ਤੋਂ ਪਹਿਲਾਂ ਖਤਮ ਹੁੰਦੀ ਹੈ. ਫਿਲਮ ਕੁਝ ਮਿਰਚਾਂ ਚੱਲ '
            'ਰਹੀਆਂ ਹਨ. ਹਾਲਾਂਕਿ, ਸ਼ੇਰ ਸਾਸ, ਪਰ ਮੇਕਅਪ ਆਪਣੇ ਆਪ. ਪ੍ਰੋਨ ਅਲਟ੍ਰੀਸੀਅਸ '
            'ਟੋਰੋਰ ਮਾਈ, ਵਿਟੈ ਡੈਪੀਬਸ ਲੈਕਸ ਸਿਲੈਕਟਿਡਿਨ ਵਿਟਾਈ. ਲੌਰੀਟ ਇੱਕ ਮੁਫਤ '
            'ਮਾਲਸ਼. ਪਰ ਇਹ ਵੀ ਫੋਟੋਗ੍ਰਾਫੀ ਦਾ ਲੇਖਕ ਹੈ ਜੋ ਹਮੇਸ਼ਾ ਟੈਲੀਵਿਜ਼ਨ ਦੇ '
            'ਸਾਹਮਣੇ ਸੈਪੀਅਨ ਬਣਨਾ ਚਾਹੁੰਦਾ ਹੈ. ਕੁਇਸਕ ਵੈਲ ਨੂਲਾ, ਅਤੇ ਨਾ ਹੀ ਅਜੇ ਤੱਕ '
            'ਕਿ ਉਹ ਪੀਣ ਲਈ ਬਣਾਇਆ ਗਿਆ ਹੈ, ਹੁਣ ਬਹੁਤ ਲੰਬੇ ਸਮੇਂ ਤੋਂ ਨਹੀਂ ਸੀ, ਫਰੇਟਰ '
            'ਜਸਟੋ ਸੇਮ ਟੋਰੋਰ ਯੂ ਯੂ ਵੇਲਿਟ.',
 'date': 'Jun 27, 2020',
 'game_id': 'a1dded3ebe032fdf8085ffa4020c155b15e28e238e2e9039904f90c191375454',
 'score': 1.0,
 'source': 'TzuYoda',
 'type': 'user'}
2021-04-28 12:25:42 [scrapy] DEBUG: Scraped from <200 https://www.metacritic.com/game/playstation-2/grimgrimoire/user-reviews>
{'content': 'A rip off of harry potter and a mix of bad rts tactics, '
            'grimgrimoire is uninspired',
 'date': 'Aug 28, 2020',
 'game_id': 'a1dded3ebe032fdf8085ffa4020c155b15e28e238e2e9039904f90c191375454',
 'score': 0.0,
 'source': 'himan3',
 'type': 'user'}
2021-04-28 12:25:42 [scrapy] DEBUG: Scraped from <200 https://www.metacritic.com/game/playstation-2/grimgrimoire/user-reviews>
{'content': '.777777777777777777777777777777777777777777سلطان جاوید از این '
            'بازی اصلا راضی نیس',
 'date': 'Dec 20, 2020',
 'game_id': 'a1dded3ebe032fdf8085ffa4020c155b15e28e238e2e9039904f90c191375454',
 'score': 0.0,
 'source': 'bahmanjj',
 'type': 'user'}
2021-04-28 12:25:42 [scrapy] DEBUG: Scraped from <200 https://www.metacritic.com/game/playstation-2/grimgrimoire/user-reviews>
{'content': 'A great game and change for fans of RTS, and a great beginner RTS '
            'for those just getting into the genre. The story is original and '
            'the characters all have their individual charms. The "Harry '
            'Potter rip-off" comments all seem to be from people who forget '
            'there are thousands of books, tv shows, etc about kids going off '
            "to magic school, and the philosopher's stone wasn't invented… "
            'Expand',
 'date': 'Aug 13, 2020',
 'game_id': 'a1dded3ebe032fdf8085ffa4020c155b15e28e238e2e9039904f90c191375454',
 'score': 10.0,
 'source': 'Diablo4',
 'type': 'user'}
2021-04-28 12:25:42 [scrapy] DEBUG: Scraped from <200 https://www.metacritic.com/game/playstation-2/grimgrimoire/user-reviews>
{'content': 'This game is certainly fun.',
 'date': 'Dec  9, 2020',
 'game_id': 'a1dded3ebe032fdf8085ffa4020c155b15e28e238e2e9039904f90c191375454',
 'score': 9.0,
 'source': 'Sutasu',
 'type': 'user'}
2021-04-28 12:25:42 [scrapy] DEBUG: Scraped from <200 https://www.metacritic.com/game/playstation-2/grimgrimoire/user-reviews>
{'content': 'Djdkdkdjsjsjdjdjdjd jdjsjsjsjsjsjsjd jejdjsjajsjs jsjdjdjsjsjsj '
            'lañqpwoznxhwus flcoaud dejado djd d d gjdksoaosidjdja',
 'date': 'Mar 25, 2021',
 'game_id': 'a1dded3ebe032fdf8085ffa4020c155b15e28e238e2e9039904f90c191375454',
 'score': 0.0,
 'source': 'LeeanEU',
 'type': 'user'}
2021-04-28 12:25:42 [scrapy] DEBUG: Scraped from <200 https://www.metacritic.com/game/playstation-2/grimgrimoire/user-reviews>
{'content': 'This game is bad, ihave played it on a emulator.',
 'date': 'Apr 16, 2021',
 'game_id': 'a1dded3ebe032fdf8085ffa4020c155b15e28e238e2e9039904f90c191375454',
 'score': 0.0,
 'source': 'Stormwooper',
 'type': 'user'}
2021-04-28 12:25:42 [scrapy] DEBUG: Scraped from <200 https://www.metacritic.com/game/playstation-2/grimgrimoire/critic-reviews>
{'content': 'This is going to be another one of those sleeper hits that squeak '
            'out just before a consoles life comes to an end. A true gem that '
            'should be picked up before it becomes one of those sought after '
            'titles long past its short shelf life.',
 'date': 'Not Defined',
 'game_id': 'a1dded3ebe032fdf8085ffa4020c155b15e28e238e2e9039904f90c191375454',
 'score': 91,
 'source': 'Gaming Nexus',
 'type': 'meta'}
2021-04-28 12:25:42 [scrapy] DEBUG: Scraped from <200 https://www.metacritic.com/game/playstation-2/grimgrimoire/critic-reviews>
{'content': 'A great game. Anyone who is a fan of RTS games should pick this '
            'up or at least give it a try. Hours will be spent on playing '
            'through the story and bonus missions and almost every detail is '
            'carefully considered, from the graphics and sounds to the '
            'balancing of the different enemy forces.',
 'date': 'Not Defined',
 'game_id': 'a1dded3ebe032fdf8085ffa4020c155b15e28e238e2e9039904f90c191375454',
 'score': 91,
 'source': 'Gaming Age',
 'type': 'meta'}
2021-04-28 12:25:42 [scrapy] DEBUG: Scraped from <200 https://www.metacritic.com/game/playstation-2/grimgrimoire/critic-reviews>
{'content': "It's a console RTS that controls well, looks great, sounds great, "
            'and is fun from start to finish. [JPN Import]',
 'date': 'Not Defined',
 'game_id': 'a1dded3ebe032fdf8085ffa4020c155b15e28e238e2e9039904f90c191375454',
 'score': 90,
 'source': 'GameBrink',
 'type': 'meta'}
2021-04-28 12:25:42 [scrapy] DEBUG: Scraped from <200 https://www.metacritic.com/game/playstation-2/grimgrimoire/critic-reviews>
{'content': "It's fun from the very beginning and remains so 20 hours later, "
            'enough to put it in the same league as the all-time greats of the '
            'PS2 era.',
 'date': 'Not Defined',
 'game_id': 'a1dded3ebe032fdf8085ffa4020c155b15e28e238e2e9039904f90c191375454',
 'score': 90,
 'source': 'GamesRadar+',
 'type': 'meta'}
2021-04-28 12:25:42 [scrapy] DEBUG: Scraped from <200 https://www.metacritic.com/game/playstation-2/grimgrimoire/critic-reviews>
{'content': 'GrimGrimoire is a brilliant, gorgeous, enthralling game that '
            'works just as well as a living art piece as it does as an RTS. '
            'The gameplay is fantastic, the storyline has hooks and the game '
            'is just flat-out gorgeous. But it. Buy it now.',
 'date': 'Not Defined',
 'game_id': 'a1dded3ebe032fdf8085ffa4020c155b15e28e238e2e9039904f90c191375454',
 'score': 90,
 'source': 'TotalPlayStation',
 'type': 'meta'}
2021-04-28 12:25:42 [scrapy] DEBUG: Scraped from <200 https://www.metacritic.com/game/playstation-2/grimgrimoire/critic-reviews>
{'content': "It's truly an amazing experience for hardcore RTS fans and "
            "novices alike and you'll be doing yourself a great disservice by "
            "passing this one up - it's a true gem and sparkles brightly.",
 'date': 'Not Defined',
 'game_id': 'a1dded3ebe032fdf8085ffa4020c155b15e28e238e2e9039904f90c191375454',
 'score': 90,
 'source': 'Deeko',
 'type': 'meta'}
2021-04-28 12:25:42 [scrapy] DEBUG: Scraped from <200 https://www.metacritic.com/game/playstation-2/grimgrimoire/critic-reviews>
{'content': "Grim Grimoire doesn't have quite the depth or complexity of a "
            'western RTS like "Command & Conquer 3, but it does have an '
            'elegance that such games lack. [June 2007, p.72]',
 'date': 'Not Defined',
 'game_id': 'a1dded3ebe032fdf8085ffa4020c155b15e28e238e2e9039904f90c191375454',
 'score': 85,
 'source': 'Play Magazine',
 'type': 'meta'}
2021-04-28 12:25:42 [scrapy] DEBUG: Scraped from <200 https://www.metacritic.com/game/playstation-2/grimgrimoire/critic-reviews>
{'content': 'A superb blend of battles that differ from the genre’s norms. It '
            'is a grim (and grand) blend of glorious missions that are fought '
            'and won in a 2D, side-scrolling environment. The controls are '
            'top-notch.',
 'date': 'Not Defined',
 'game_id': 'a1dded3ebe032fdf8085ffa4020c155b15e28e238e2e9039904f90c191375454',
 'score': 85,
 'source': 'GameZone',
 'type': 'meta'}
2021-04-28 12:25:42 [scrapy] DEBUG: Scraped from <200 https://www.metacritic.com/game/playstation-2/grimgrimoire/critic-reviews>
{'content': 'Don’t be fooled by it’s cute 2D visuals and the sidescrolling '
            'format that reminds us of the old 16 bit platformers, because '
            'this is a great strategy game. It can be chaotic at times, and '
            'there aren’t many different levels. But everything else makes up '
            'for it. [Dec 2007]',
 'date': 'Not Defined',
 'game_id': 'a1dded3ebe032fdf8085ffa4020c155b15e28e238e2e9039904f90c191375454',
 'score': 85,
 'source': 'Maxi Consolas (Portugal)',
 'type': 'meta'}
2021-04-28 12:25:42 [scrapy] DEBUG: Scraped from <200 https://www.metacritic.com/game/playstation-2/grimgrimoire/critic-reviews>
{'content': 'Simply put, I loved this game. By no means is it a title for '
            "everyone, but if you're in the mood for a clever strategy game "
            'that is fun, features beautiful fight scenes and gives you more '
            'than 15 crazy characters to command (Who wins in a dragon/chimera '
            'fight? The viewer!), Grim is a must play.',
 'date': 'Not Defined',
 'game_id': 'a1dded3ebe032fdf8085ffa4020c155b15e28e238e2e9039904f90c191375454',
 'score': 84,
 'source': 'IGN',
 'type': 'meta'}
2021-04-28 12:25:42 [scrapy] DEBUG: Scraped from <200 https://www.metacritic.com/game/playstation-2/grimgrimoire/critic-reviews>
{'content': "GrimGrimoire is a creative, one-of-a-kind game that's a lot of "
            'fun to play.',
 'date': 'Not Defined',
 'game_id': 'a1dded3ebe032fdf8085ffa4020c155b15e28e238e2e9039904f90c191375454',
 'score': 84,
 'source': 'GameSpot',
 'type': 'meta'}
2021-04-28 12:25:42 [scrapy] DEBUG: Scraped from <200 https://www.metacritic.com/game/playstation-2/grimgrimoire/critic-reviews>
{'content': 'A two-player, online component would have really rounded out this '
            "title. It's lengthy enough as it is, considering that it can take "
            'you months to play, but there is a redundancy to the theme even '
            'as you add more spells and soldiers to your arsenal.',
 'date': 'Not Defined',
 'game_id': 'a1dded3ebe032fdf8085ffa4020c155b15e28e238e2e9039904f90c191375454',
 'score': 84,
 'source': 'Cheat Code Central',
 'type': 'meta'}
2021-04-28 12:25:42 [scrapy] DEBUG: Scraped from <200 https://www.metacritic.com/game/playstation-2/grimgrimoire/critic-reviews>
{'content': "Don't let the cartoony 2D-graphics fool you. Under the cute "
            'surface lies a surprisingly deep and engaging real-time '
            'strategy-game. Great fun.  [Dec 2007]',
 'date': 'Not Defined',
 'game_id': 'a1dded3ebe032fdf8085ffa4020c155b15e28e238e2e9039904f90c191375454',
 'score': 84,
 'source': 'Pelit (Finland)',
 'type': 'meta'}
2021-04-28 12:25:42 [scrapy] DEBUG: Scraped from <200 https://www.metacritic.com/game/playstation-2/grimgrimoire/critic-reviews>
{'content': 'GrimGrimoire brings real-time strategy, magic and anime together '
            'to create an interesting and cool game experience worth checking '
            'out. The game is obviously not for everyone, but those that can '
            '"get" what the game is trying to accomplish certainly will enjoy '
            'it.',
 'date': 'Not Defined',
 'game_id': 'a1dded3ebe032fdf8085ffa4020c155b15e28e238e2e9039904f90c191375454',
 'score': 83,
 'source': 'GameShark',
 'type': 'meta'}
2021-04-28 12:25:42 [scrapy] DEBUG: Scraped from <200 https://www.metacritic.com/game/playstation-2/grimgrimoire/critic-reviews>
{'content': 'Another cracker from a developer well-versed in the art of 2D '
            'strategy. [Nov 2007, p.85]',
 'date': 'Not Defined',
 'game_id': 'a1dded3ebe032fdf8085ffa4020c155b15e28e238e2e9039904f90c191375454',
 'score': 83,
 'source': 'Games Master UK',
 'type': 'meta'}
2021-04-28 12:25:42 [scrapy] DEBUG: Scraped from <200 https://www.metacritic.com/game/playstation-2/grimgrimoire/critic-reviews>
{'content': 'Grim Grimoire is not a deep RTS, but it is a fun one.',
 'date': 'Not Defined',
 'game_id': 'a1dded3ebe032fdf8085ffa4020c155b15e28e238e2e9039904f90c191375454',
 'score': 82,
 'source': 'RPG Fan',
 'type': 'meta'}
2021-04-28 12:25:42 [scrapy] DEBUG: Scraped from <200 https://www.metacritic.com/game/playstation-2/grimgrimoire/critic-reviews>
{'content': "We were a touch disappointed the sound didn't impress as much as "
            'the graphics, and the solid strategy formula tends to flounder in '
            "identical environments, but that can't stop it from being "
            'extremely entertaining.',
 'date': 'Not Defined',
 'game_id': 'a1dded3ebe032fdf8085ffa4020c155b15e28e238e2e9039904f90c191375454',
 'score': 82,
 'source': 'PSX Extreme',
 'type': 'meta'}
2021-04-28 12:25:42 [scrapy] DEBUG: Scraped from <200 https://www.metacritic.com/game/playstation-2/grimgrimoire/critic-reviews>
{'content': 'Grim Grimoire is an aesthetic masterpiece, and a good reminder of '
            'the storytelling potential inherent in video games. [July 2007, '
            'p.58]',
 'date': 'Not Defined',
 'game_id': 'a1dded3ebe032fdf8085ffa4020c155b15e28e238e2e9039904f90c191375454',
 'score': 80,
 'source': 'Hardcore Gamer',
 'type': 'meta'}
2021-04-28 12:25:42 [scrapy] DEBUG: Scraped from <200 https://www.metacritic.com/game/playstation-2/grimgrimoire/critic-reviews>
{'content': 'It may be average when it comes to combat mechanics, but it gets '
            'a high score in the story and character department. If you want a '
            'game with a plot that makes sense and a memorable cast, this is '
            'for you.',
 'date': 'Not Defined',
 'game_id': 'a1dded3ebe032fdf8085ffa4020c155b15e28e238e2e9039904f90c191375454',
 'score': 80,
 'source': 'GamerNode',
 'type': 'meta'}
2021-04-28 12:25:42 [scrapy] DEBUG: Scraped from <200 https://www.metacritic.com/game/playstation-2/grimgrimoire/critic-reviews>
{'content': 'Fun, fresh, and fantastic. [Aug 2007, p.85]',
 'date': 'Not Defined',
 'game_id': 'a1dded3ebe032fdf8085ffa4020c155b15e28e238e2e9039904f90c191375454',
 'score': 80,
 'source': 'PSM Magazine',
 'type': 'meta'}
2021-04-28 12:25:42 [scrapy] DEBUG: Scraped from <200 https://www.metacritic.com/game/playstation-2/grimgrimoire/critic-reviews>
{'content': "If you can make it through GrimGrimoire's twenty to thirty hour "
            'story and twenty-five bonus levels - a task that may prove far '
            'too daunting for some players, even on easy - you can sit back '
            'and relish in the fact that you have braved one brilliant game '
            'and seen it through to the end.',
 'date': 'Not Defined',
 'game_id': 'a1dded3ebe032fdf8085ffa4020c155b15e28e238e2e9039904f90c191375454',
 'score': 80,
 'source': 'AceGamez',
 'type': 'meta'}
2021-04-28 12:25:42 [scrapy] DEBUG: Scraped from <200 https://www.metacritic.com/game/playstation-2/grimgrimoire/critic-reviews>
{'content': 'With long drawn-out battles and a steep learning curve there is a '
            'lot to swallow here. However if you take the time to learn the '
            'subtle nuances of the combat system and you enjoy the RTS genre '
            'in the least bit I can’t recommend this title enough.',
 'date': 'Not Defined',
 'game_id': 'a1dded3ebe032fdf8085ffa4020c155b15e28e238e2e9039904f90c191375454',
 'score': 80,
 'source': 'ZTGD',
 'type': 'meta'}
2021-04-28 12:25:42 [scrapy] DEBUG: Scraped from <200 https://www.metacritic.com/game/playstation-2/grimgrimoire/critic-reviews>
{'content': "Characters, levels and even the game's menus are beautifully and "
            'tastefully designed. Grim Grimoire is a complete package, '
            'offering layered strategy play with an eye-popping art style and '
            'a cleverly told story.',
 'date': 'Not Defined',
 'game_id': 'a1dded3ebe032fdf8085ffa4020c155b15e28e238e2e9039904f90c191375454',
 'score': 80,
 'source': 'G4 TV',
 'type': 'meta'}
2021-04-28 12:25:42 [scrapy] DEBUG: Scraped from <200 https://www.metacritic.com/game/playstation-2/grimgrimoire/critic-reviews>
{'content': 'Like titles such as Yakuza and Forbidden Siren 2, it’s a late-era '
            'PlayStation 2 game that will likely be ignored by the masses and '
            'cherished by a bedazzled minority. [Sept 2007, p.116]',
 'date': 'Not Defined',
 'game_id': 'a1dded3ebe032fdf8085ffa4020c155b15e28e238e2e9039904f90c191375454',
 'score': 80,
 'source': 'games(TM)',
 'type': 'meta'}
2021-04-28 12:25:42 [scrapy] DEBUG: Scraped from <200 https://www.metacritic.com/game/playstation-2/grimgrimoire/critic-reviews>
{'content': 'Refreshing and addictive. [Issue#158, p.90]',
 'date': 'Not Defined',
 'game_id': 'a1dded3ebe032fdf8085ffa4020c155b15e28e238e2e9039904f90c191375454',
 'score': 80,
 'source': 'Play UK',
 'type': 'meta'}
2021-04-28 12:25:42 [scrapy] DEBUG: Scraped from <200 https://www.metacritic.com/game/playstation-2/grimgrimoire/critic-reviews>
{'content': 'Difficulty is introduced by sheer numbers and, for players who '
            "aren't grabbed by the core mechanics, the game will soon become "
            'tiresome. But the combination of sumptuous 2D art style, '
            'interesting structure, enjoyable storyline and ever more '
            'unmanageable fights to tackle, for those who are, GrimGrimoire '
            'will be one of the most interesting games to come out of Japan in '
            'some time.',
 'date': 'Not Defined',
 'game_id': 'a1dded3ebe032fdf8085ffa4020c155b15e28e238e2e9039904f90c191375454',
 'score': 80,
 'source': 'Eurogamer',
 'type': 'meta'}
2021-04-28 12:25:42 [scrapy] DEBUG: Scraped from <200 https://www.metacritic.com/game/playstation-2/grimgrimoire/critic-reviews>
{'content': 'If you have migrated onto the newer consoles in the market, then '
            'this is a great reason to head back to the PlayStation 2 one last '
            'time.',
 'date': 'Not Defined',
 'game_id': 'a1dded3ebe032fdf8085ffa4020c155b15e28e238e2e9039904f90c191375454',
 'score': 80,
 'source': 'Gamestyle',
 'type': 'meta'}
2021-04-28 12:25:42 [scrapy] DEBUG: Scraped from <200 https://www.metacritic.com/game/playstation-2/grimgrimoire/critic-reviews>
{'content': 'Somewhat shallow combat and clumsy controls keep GrimGrimoire’s '
            'gameplay from shining. Its novelty value and clever plot are '
            'worth checking out, though, if you’re willing to forgive some '
            'mediocre battles.',
 'date': 'Not Defined',
 'game_id': 'a1dded3ebe032fdf8085ffa4020c155b15e28e238e2e9039904f90c191375454',
 'score': 78,
 'source': 'Game Informer',
 'type': 'meta'}
2021-04-28 12:25:42 [scrapy] DEBUG: Scraped from <200 https://www.metacritic.com/game/playstation-2/grimgrimoire/critic-reviews>
{'content': 'GrimGrimoire’s colorful design, engaging gameplay and intriguing '
            'story make it consistently entertaining.',
 'date': 'Not Defined',
 'game_id': 'a1dded3ebe032fdf8085ffa4020c155b15e28e238e2e9039904f90c191375454',
 'score': 77,
 'source': 'The New York Times',
 'type': 'meta'}
2021-04-28 12:25:42 [scrapy] DEBUG: Scraped from <200 https://www.metacritic.com/game/playstation-2/grimgrimoire/critic-reviews>
{'content': 'GrimGrimoire deserves to be noticed and played if for no other '
            'reason than it dares to do something different and very nearly '
            'carries it off, a quality often in short supply in a world where '
            'reliable safe bets, win out over genuine innovation a lot of the '
            'time.',
 'date': 'Not Defined',
 'game_id': 'a1dded3ebe032fdf8085ffa4020c155b15e28e238e2e9039904f90c191375454',
 'score': 77,
 'source': 'Play.tm',
 'type': 'meta'}
2021-04-28 12:25:42 [scrapy] DEBUG: Scraped from <200 https://www.metacritic.com/game/playstation-2/grimgrimoire/critic-reviews>
{'content': 'What the game does, and the sheer amount of what it does, is done '
            'with solid mechanics and considerable style. Also, the ability to '
            'review previous game/story progress (to keep track of what’s gone '
            'on before) is handled well.',
 'date': 'Not Defined',
 'game_id': 'a1dded3ebe032fdf8085ffa4020c155b15e28e238e2e9039904f90c191375454',
 'score': 75,
 'source': 'Game Revolution',
 'type': 'meta'}
2021-04-28 12:25:42 [scrapy] DEBUG: Scraped from <200 https://www.metacritic.com/game/playstation-2/grimgrimoire/critic-reviews>
{'content': 'Stunning to look at and seriously addictive all the same. [Oct '
            '2007, p.94]',
 'date': 'Not Defined',
 'game_id': 'a1dded3ebe032fdf8085ffa4020c155b15e28e238e2e9039904f90c191375454',
 'score': 70,
 'source': 'Official Playstation 2 Magazine UK',
 'type': 'meta'}
2021-04-28 12:25:42 [scrapy] DEBUG: Scraped from <200 https://www.metacritic.com/game/playstation-2/grimgrimoire/critic-reviews>
{'content': 'A few interface niggles and the eventual feeling of repetition '
            'don’t hold back a creative reimagining of a game type that, '
            'thanks to the execution, is as important as it is enjoyable. [Nov '
            '2007, p.96]',
 'date': 'Not Defined',
 'game_id': 'a1dded3ebe032fdf8085ffa4020c155b15e28e238e2e9039904f90c191375454',
 'score': 70,
 'source': 'Edge Magazine',
 'type': 'meta'}
2021-04-28 12:25:42 [scrapy] DEBUG: Scraped from <200 https://www.metacritic.com/game/playstation-2/grimgrimoire/critic-reviews>
{'content': 'GrimGrimoire is a game that could have been great had it had a '
            'little bit more variety and a few minor tweaks. That said its '
            'gameplay is definitely one of the best implementations of the RTS '
            'genre currently available on consoles.',
 'date': 'Not Defined',
 'game_id': 'a1dded3ebe032fdf8085ffa4020c155b15e28e238e2e9039904f90c191375454',
 'score': 70,
 'source': 'PALGN',
 'type': 'meta'}
2021-04-28 12:25:42 [scrapy] DEBUG: Scraped from <200 https://www.metacritic.com/game/playstation-2/grimgrimoire/critic-reviews>
{'content': 'Its story and characters contain charm, its premise is tolerable '
            "and fun, it looks good, and it's a neat twist on an established "
            "genre, even if there hang-ups due to said twist. For what it's "
            'worth, I actually enjoyed this game far more than "Odin Sphere."',
 'date': 'Not Defined',
 'game_id': 'a1dded3ebe032fdf8085ffa4020c155b15e28e238e2e9039904f90c191375454',
 'score': 70,
 'source': 'Worth Playing',
 'type': 'meta'}
2021-04-28 12:25:42 [scrapy] DEBUG: Scraped from <200 https://www.metacritic.com/game/playstation-2/grimgrimoire/critic-reviews>
{'content': 'GrimGrimoire is fun at first, but not in the same league as '
            'developer Vanillaware\'s "Odin Sphere". [July 2007, p.92]',
 'date': 'Not Defined',
 'game_id': 'a1dded3ebe032fdf8085ffa4020c155b15e28e238e2e9039904f90c191375454',
 'score': 67,
 'source': 'Electronic Gaming Monthly',
 'type': 'meta'}
2021-04-28 12:25:42 [scrapy] DEBUG: Scraped from <200 https://www.metacritic.com/game/playstation-2/grimgrimoire/critic-reviews>
{'content': 'It could have innovated, or at the very least, reinvigorated the '
            'console RTS genre, but instead, it only achieves a certain level '
            'of mediocrity.',
 'date': 'Not Defined',
 'game_id': 'a1dded3ebe032fdf8085ffa4020c155b15e28e238e2e9039904f90c191375454',
 'score': 60,
 'source': 'GamePro',
 'type': 'meta'}
2021-04-28 12:25:42 [scrapy] DEBUG: Scraped from <200 https://www.metacritic.com/game/playstation-2/grimgrimoire/critic-reviews>
{'content': "While a simplistic RTS is a nice departure from NIS' regular "
            'library, GrimGrimoire feels too watered-down and too repetitive '
            'to take a place beside some of the other, critically acclaimed '
            'titles from this niche publisher.',
 'date': 'Not Defined',
 'game_id': 'a1dded3ebe032fdf8085ffa4020c155b15e28e238e2e9039904f90c191375454',
 'score': 60,
 'source': '1UP',
 'type': 'meta'}
2021-04-28 12:25:42 [scrapy] DEBUG: Scraped from <200 https://www.metacritic.com/game/playstation-2/grimgrimoire/critic-reviews>
{'content': "The mechanics of the combat system are fine, but it doesn't have "
            'the scale of "Disgaea" and you\'ll long for more depth with every '
            'click. [Nov 2007, p.83]',
 'date': 'Not Defined',
 'game_id': 'a1dded3ebe032fdf8085ffa4020c155b15e28e238e2e9039904f90c191375454',
 'score': 59,
 'source': 'PSM3 Magazine UK',
 'type': 'meta'}
2021-04-28 12:25:42 [scrapy] INFO: Closing spider (finished)
2021-04-28 12:25:42 [scrapy] INFO: Dumping Scrapy stats:
{'downloader/request_bytes': 1157,
 'downloader/request_count': 4,
 'downloader/request_method_count/GET': 4,
 'downloader/response_bytes': 88582,
 'downloader/response_count': 4,
 'downloader/response_status_count/200': 4,
 'elapsed_time_seconds': 0.751473,
 'finish_reason': 'finished',
 'finish_time': datetime.datetime(2021, 4, 28, 17, 25, 42, 619538),
 'httpcompression/response_bytes': 638951,
 'httpcompression/response_count': 4,
 'item_scraped_count': 54,
 'log_count/DEBUG': 58,
 'log_count/INFO': 7,
 'memusage/max': 249987072,
 'memusage/startup': 249987072,
 'request_depth_max': 1,
 'response_received_count': 4,
 'robotstxt/request_count': 1,
 'robotstxt/response_count': 1,
 'robotstxt/response_status_count/200': 1,
 'scheduler/dequeued': 3,
 'scheduler/dequeued/memory': 3,
 'scheduler/enqueued': 3,
 'scheduler/enqueued/memory': 3,
 'start_time': datetime.datetime(2021, 4, 28, 17, 25, 41, 868065)}
2021-04-28 12:25:42 [scrapy] INFO: Spider closed (finished)
