2021-04-28 09:19:21 [scrapy] DEBUG: Crawled (200) <GET https://www.metacritic.com/robots.txt> (referer: None)
2021-04-28 09:19:25 [scrapy] DEBUG: Crawled (200) <GET https://www.metacritic.com/browse/games/score/userscore/all/filtered?page=1> (referer: None)
2021-04-28 09:19:27 [scrapy] DEBUG: Crawled (200) <GET https://www.metacritic.com/game/pc/gothic-ii> (referer: https://www.metacritic.com/browse/games/score/userscore/all/filtered?page=1)
2021-04-28 09:19:27 [scrapy] DEBUG: Crawled (200) <GET https://www.metacritic.com/game/game-boy-advance/final-fantasy-tactics-advance> (referer: https://www.metacritic.com/browse/games/score/userscore/all/filtered?page=1)
2021-04-28 09:19:28 [scrapy] DEBUG: Crawled (200) <GET https://www.metacritic.com/game/playstation-2/dynasty-warriors-4> (referer: https://www.metacritic.com/browse/games/score/userscore/all/filtered?page=1)
2021-04-28 09:19:28 [scrapy] DEBUG: Crawled (200) <GET https://www.metacritic.com/game/game-boy-advance/metroid-fusion> (referer: https://www.metacritic.com/browse/games/score/userscore/all/filtered?page=1)
2021-04-28 09:19:28 [scrapy] DEBUG: Crawled (200) <GET https://www.metacritic.com/game/game-boy-advance/the-legend-of-zelda-a-link-to-the-past> (referer: https://www.metacritic.com/browse/games/score/userscore/all/filtered?page=1)
2021-04-28 09:19:28 [scrapy] DEBUG: Crawled (200) <GET https://www.metacritic.com/game/gamecube/the-legend-of-zelda-the-wind-waker> (referer: https://www.metacritic.com/browse/games/score/userscore/all/filtered?page=1)
2021-04-28 09:19:28 [scrapy] DEBUG: Crawled (200) <GET https://www.metacritic.com/game/3ds/the-legend-of-zelda-a-link-between-worlds> (referer: https://www.metacritic.com/browse/games/score/userscore/all/filtered?page=1)
2021-04-28 09:19:28 [scrapy] DEBUG: Crawled (200) <GET https://www.metacritic.com/game/pc/plants-vs-zombies> (referer: https://www.metacritic.com/browse/games/score/userscore/all/filtered?page=1)
2021-04-28 09:19:28 [scrapy] DEBUG: Retrying <GET https://www.metacritic.com/game/playstation-3/ratchet-clank-future-a-crack-in-time> (failed 1 times): 504 Gateway Time-out
2021-04-28 09:19:28 [scrapy] DEBUG: Retrying <GET https://www.metacritic.com/game/xbox-360/mass-effect-2> (failed 1 times): 504 Gateway Time-out
2021-04-28 09:19:28 [scrapy] DEBUG: Crawled (200) <GET https://www.metacritic.com/game/game-boy-advance/doom-ii> (referer: https://www.metacritic.com/browse/games/score/userscore/all/filtered?page=1)
2021-04-28 09:19:29 [scrapy] DEBUG: Crawled (200) <GET https://www.metacritic.com/game/ds/pokemon-platinum-version> (referer: https://www.metacritic.com/browse/games/score/userscore/all/filtered?page=1)
2021-04-28 09:19:30 [scrapy] DEBUG: Crawled (200) <GET https://www.metacritic.com/game/playstation-3/red-dead-redemption> (referer: https://www.metacritic.com/browse/games/score/userscore/all/filtered?page=1)
2021-04-28 09:19:30 [scrapy] DEBUG: Crawled (200) <GET https://www.metacritic.com/game/xbox-360/mega-man-9> (referer: https://www.metacritic.com/browse/games/score/userscore/all/filtered?page=1)
2021-04-28 09:19:30 [scrapy] DEBUG: Crawled (200) <GET https://www.metacritic.com/game/ds/bee-movie-game> (referer: https://www.metacritic.com/browse/games/score/userscore/all/filtered?page=1)
2021-04-28 09:19:30 [scrapy] DEBUG: Crawled (200) <GET https://www.metacritic.com/game/ds/final-fantasy-xii-revenant-wings> (referer: https://www.metacritic.com/browse/games/score/userscore/all/filtered?page=1)
2021-04-28 09:19:30 [scrapy] DEBUG: Crawled (200) <GET https://www.metacritic.com/game/playstation-3/dark-souls> (referer: https://www.metacritic.com/browse/games/score/userscore/all/filtered?page=1)
2021-04-28 09:19:30 [scrapy] DEBUG: Scraped from <200 https://www.metacritic.com/game/ds/bee-movie-game>
{'id': 'd1ba813693ae29429911d1889914c6fdfa448defb901d54b74f9a712da196e5c',
 'img_url': 'https://static.metacritic.com/images/products/games/6/fa4de35fe2c1f4a1e7586448c01f5edc-98.jpg',
 'link': 'https://www.metacritic.com/game/ds/bee-movie-game',
 'metaScore': '58',
 'meta_mixed': 5,
 'meta_negative': 3,
 'meta_positive': 1,
 'name': 'Bee Movie Game',
 'platform': 'DS',
 'publisher': 'Activision',
 'releaseDate': 'Oct 30, 2007',
 'summary': 'Based on the DreamWorks Animation movie written, produced by and '
            'starring Jerry Seinfeld, Bee Movie Game lets players race, chase '
            'and fly their way through an adrenaline-fueled world of adventure '
            'as they experience the hilarious antics of Barry B. Benson, a '
            'dynamic and daring bee who knows there is more to life than '
            'making honey. [Activision]',
 'userScore': '8.9',
 'user_mixed': 0,
 'user_negative': 2,
 'user_positive': 26}
2021-04-28 09:19:30 [scrapy] DEBUG: Retrying <GET https://www.metacritic.com/game/pc/the-secret-of-monkey-island-special-edition> (failed 1 times): 504 Gateway Time-out
2021-04-28 09:19:30 [scrapy] DEBUG: Retrying <GET https://www.metacritic.com/game/pc/to-the-moon> (failed 1 times): 504 Gateway Time-out
2021-04-28 09:19:30 [scrapy] DEBUG: Retrying <GET https://www.metacritic.com/game/playstation-3/metal-gear-solid-hd-collection> (failed 1 times): 504 Gateway Time-out
2021-04-28 09:19:30 [scrapy] DEBUG: Crawled (200) <GET https://www.metacritic.com/game/pc/black-mesa> (referer: https://www.metacritic.com/browse/games/score/userscore/all/filtered?page=1)
2021-04-28 09:19:31 [scrapy] DEBUG: Crawled (200) <GET https://www.metacritic.com/game/xbox-360/tales-of-vesperia> (referer: https://www.metacritic.com/browse/games/score/userscore/all/filtered?page=1)
2021-04-28 09:19:32 [scrapy] DEBUG: Crawled (200) <GET https://www.metacritic.com/game/playstation-3/the-sly-collection> (referer: https://www.metacritic.com/browse/games/score/userscore/all/filtered?page=1)
2021-04-28 09:19:32 [scrapy] DEBUG: Crawled (200) <GET https://www.metacritic.com/game/pc/mass-effect-2> (referer: https://www.metacritic.com/browse/games/score/userscore/all/filtered?page=1)
2021-04-28 09:19:33 [scrapy] DEBUG: Crawled (200) <GET https://www.metacritic.com/game/wii-u/super-mario-3d-world> (referer: https://www.metacritic.com/browse/games/score/userscore/all/filtered?page=1)
2021-04-28 09:19:33 [scrapy] DEBUG: Crawled (200) <GET https://www.metacritic.com/game/psp/final-fantasy-iv-the-complete-collection> (referer: https://www.metacritic.com/browse/games/score/userscore/all/filtered?page=1)
2021-04-28 09:19:33 [scrapy] DEBUG: Crawled (200) <GET https://www.metacritic.com/game/wii-u/bayonetta-2> (referer: https://www.metacritic.com/browse/games/score/userscore/all/filtered?page=1)
2021-04-28 09:19:34 [scrapy] DEBUG: Crawled (200) <GET https://www.metacritic.com/game/pc/the-wolf-among-us-episode-1---faith> (referer: https://www.metacritic.com/browse/games/score/userscore/all/filtered?page=1)
2021-04-28 09:19:34 [scrapy] DEBUG: Crawled (200) <GET https://www.metacritic.com/game/pc/portal-2> (referer: https://www.metacritic.com/browse/games/score/userscore/all/filtered?page=1)
2021-04-28 09:19:34 [scrapy] DEBUG: Crawled (200) <GET https://www.metacritic.com/game/wii-u/donkey-kong-country-tropical-freeze> (referer: https://www.metacritic.com/browse/games/score/userscore/all/filtered?page=1)
2021-04-28 09:19:34 [scrapy] DEBUG: Crawled (200) <GET https://www.metacritic.com/game/playstation-vita/tearaway> (referer: https://www.metacritic.com/browse/games/score/userscore/all/filtered?page=1)
2021-04-28 09:19:34 [scrapy] DEBUG: Crawled (200) <GET https://www.metacritic.com/game/playstation-4/nier-automata> (referer: https://www.metacritic.com/browse/games/score/userscore/all/filtered?page=1)
2021-04-28 09:19:34 [scrapy] DEBUG: Crawled (200) <GET https://www.metacritic.com/game/pc/steinsgate> (referer: https://www.metacritic.com/browse/games/score/userscore/all/filtered?page=1)
2021-04-28 09:19:35 [scrapy] DEBUG: Crawled (200) <GET https://www.metacritic.com/game/playstation-3/okami-hd> (referer: https://www.metacritic.com/browse/games/score/userscore/all/filtered?page=1)
2021-04-28 09:19:35 [scrapy] DEBUG: Crawled (200) <GET https://www.metacritic.com/game/wii-u/mario-kart-8-dlc-pack-1> (referer: https://www.metacritic.com/browse/games/score/userscore/all/filtered?page=1)
2021-04-28 09:19:36 [scrapy] DEBUG: Crawled (200) <GET https://www.metacritic.com/game/playstation-4/kingdom-hearts-hd-i5-+-ii5-remix> (referer: https://www.metacritic.com/browse/games/score/userscore/all/filtered?page=1)
2021-04-28 09:19:36 [scrapy] DEBUG: Crawled (200) <GET https://www.metacritic.com/game/3ds/the-legend-of-zelda-majoras-mask-3d> (referer: https://www.metacritic.com/browse/games/score/userscore/all/filtered?page=1)
2021-04-28 09:19:36 [scrapy] DEBUG: Crawled (200) <GET https://www.metacritic.com/game/wii-u/super-smash-bros-for-wii-u> (referer: https://www.metacritic.com/browse/games/score/userscore/all/filtered?page=1)
2021-04-28 09:19:36 [scrapy] DEBUG: Crawled (200) <GET https://www.metacritic.com/game/playstation-4/resident-evil-2> (referer: https://www.metacritic.com/browse/games/score/userscore/all/filtered?page=1)
2021-04-28 09:19:36 [scrapy] DEBUG: Crawled (200) <GET https://www.metacritic.com/game/playstation-4/dark-souls-iii> (referer: https://www.metacritic.com/browse/games/score/userscore/all/filtered?page=1)
2021-04-28 09:19:36 [scrapy] DEBUG: Crawled (200) <GET https://www.metacritic.com/game/wii-u/mario-kart-8-dlc-pack-2> (referer: https://www.metacritic.com/browse/games/score/userscore/all/filtered?page=1)
2021-04-28 09:19:37 [scrapy] DEBUG: Crawled (200) <GET https://www.metacritic.com/game/playstation-4/astro-bot-rescue-mission> (referer: https://www.metacritic.com/browse/games/score/userscore/all/filtered?page=1)
2021-04-28 09:19:37 [scrapy] DEBUG: Crawled (200) <GET https://www.metacritic.com/game/switch/super-mario-odyssey> (referer: https://www.metacritic.com/browse/games/score/userscore/all/filtered?page=1)
2021-04-28 09:19:37 [scrapy] DEBUG: Crawled (200) <GET https://www.metacritic.com/game/pc/the-evil-within-2> (referer: https://www.metacritic.com/browse/games/score/userscore/all/filtered?page=1)
2021-04-28 09:19:38 [scrapy] DEBUG: Crawled (200) <GET https://www.metacritic.com/game/pc/rimworld> (referer: https://www.metacritic.com/browse/games/score/userscore/all/filtered?page=1)
2021-04-28 09:19:38 [scrapy] DEBUG: Crawled (200) <GET https://www.metacritic.com/game/switch/astral-chain> (referer: https://www.metacritic.com/browse/games/score/userscore/all/filtered?page=1)
2021-04-28 09:19:38 [scrapy] DEBUG: Crawled (200) <GET https://www.metacritic.com/game/pc/hades> (referer: https://www.metacritic.com/browse/games/score/userscore/all/filtered?page=1)
2021-04-28 09:19:38 [scrapy] DEBUG: Crawled (200) <GET https://www.metacritic.com/game/pc/pathologic-2> (referer: https://www.metacritic.com/browse/games/score/userscore/all/filtered?page=1)
2021-04-28 09:19:39 [scrapy] DEBUG: Crawled (200) <GET https://www.metacritic.com/game/pc/katana-zero> (referer: https://www.metacritic.com/browse/games/score/userscore/all/filtered?page=1)
2021-04-28 09:19:39 [scrapy] DEBUG: Crawled (200) <GET https://www.metacritic.com/game/pc/it-takes-two> (referer: https://www.metacritic.com/browse/games/score/userscore/all/filtered?page=1)
2021-04-28 09:19:39 [scrapy] ERROR: Error processing {'id': 'ed408c228d3da5134bb81954701122a59d7630c3acd250ee145ea1c800e0bb4b',
 'img_url': 'https://static.metacritic.com/images/products/games/7/27938ac5f7201f03e8a561532f6105a1-98.jpg',
 'link': 'https://www.metacritic.com/game/pc/pathologic-2',
 'metaScore': '69',
 'meta_mixed': 17,
 'meta_negative': 1,
 'meta_positive': 9,
 'name': 'Pathologic 2',
 'platform': 'PC',
 'publisher': 'tinyBuild',
 'releaseDate': 'May 28, 2019',
 'summary': 'Это именно тот Мор, который мы ждали. Я очень рад, что в России '
            'ещё делают игры такого уровня.',
 'userScore': '8.9',
 'user_mixed': 0,
 'user_negative': 5,
 'user_positive': 58}
Traceback (most recent call last):
  File "/home/kardel/anaconda3/lib/python3.8/site-packages/mysql/connector/connection_cext.py", line 506, in cmd_query
    self._cmysql.query(query,
_mysql_connector.MySQLInterfaceError: Incorrect string value: '\xD0\xAD\xD1\x82\xD0\xBE...' for column 'content' at row 1

During handling of the above exception, another exception occurred:

Traceback (most recent call last):
  File "/home/kardel/anaconda3/lib/python3.8/site-packages/twisted/internet/defer.py", line 662, in _runCallbacks
    current.result = callback(current.result, *args, **kw)
  File "/home/kardel/anaconda3/lib/python3.8/site-packages/scrapy/utils/defer.py", line 150, in f
    return deferred_from_coro(coro_f(*coro_args, **coro_kwargs))
  File "/home/kardel/SI507Final/SI507Final/pipelines.py", line 27, in process_item
    self.save(item)
  File "/home/kardel/SI507Final/SI507Final/pipelines.py", line 39, in save
    cursor.execute(create_query, row)
  File "/home/kardel/anaconda3/lib/python3.8/site-packages/mysql/connector/cursor_cext.py", line 269, in execute
    result = self._cnx.cmd_query(stmt, raw=self._raw,
  File "/home/kardel/anaconda3/lib/python3.8/site-packages/mysql/connector/connection_cext.py", line 510, in cmd_query
    raise errors.get_mysql_exception(exc.errno, msg=exc.msg,
mysql.connector.errors.DatabaseError: 1366 (HY000): Incorrect string value: '\xD0\xAD\xD1\x82\xD0\xBE...' for column 'content' at row 1
2021-04-28 09:19:39 [scrapy] DEBUG: Crawled (200) <GET https://www.metacritic.com/game/pc/there-is-no-game-wrong-dimension> (referer: https://www.metacritic.com/browse/games/score/userscore/all/filtered?page=1)
2021-04-28 09:19:39 [scrapy] DEBUG: Crawled (200) <GET https://www.metacritic.com/game/pc/resident-evil-2> (referer: https://www.metacritic.com/browse/games/score/userscore/all/filtered?page=1)
2021-04-28 09:19:39 [scrapy] DEBUG: Crawled (200) <GET https://www.metacritic.com/game/playstation/crash-bandicoot-3-warped> (referer: https://www.metacritic.com/browse/games/score/userscore/all/filtered?page=1)
2021-04-28 09:19:39 [scrapy] DEBUG: Crawled (200) <GET https://www.metacritic.com/game/pc/age-of-empires-ii-definitive-edition> (referer: https://www.metacritic.com/browse/games/score/userscore/all/filtered?page=1)
2021-04-28 09:19:39 [scrapy] DEBUG: Retrying <GET https://www.metacritic.com/game/playstation/legacy-of-kain-soul-reaver> (failed 1 times): 429 Unknown Status
2021-04-28 09:19:39 [scrapy] DEBUG: Crawled (200) <GET https://www.metacritic.com/game/switch/xenoblade-chronicles-definitive-edition> (referer: https://www.metacritic.com/browse/games/score/userscore/all/filtered?page=1)
2021-04-28 09:19:39 [scrapy] DEBUG: Crawled (200) <GET https://www.metacritic.com/game/playstation-4/it-takes-two> (referer: https://www.metacritic.com/browse/games/score/userscore/all/filtered?page=1)
2021-04-28 09:19:40 [scrapy] DEBUG: Crawled (200) <GET https://www.metacritic.com/game/pc/persona-4-golden> (referer: https://www.metacritic.com/browse/games/score/userscore/all/filtered?page=1)
2021-04-28 09:19:40 [scrapy] DEBUG: Crawled (200) <GET https://www.metacritic.com/game/nintendo-64/goldeneye-007> (referer: https://www.metacritic.com/browse/games/score/userscore/all/filtered?page=1)
2021-04-28 09:19:41 [scrapy] DEBUG: Crawled (200) <GET https://www.metacritic.com/game/pc/the-curse-of-monkey-island> (referer: https://www.metacritic.com/browse/games/score/userscore/all/filtered?page=1)
2021-04-28 09:19:41 [scrapy] DEBUG: Crawled (200) <GET https://www.metacritic.com/game/playstation/parasite-eve> (referer: https://www.metacritic.com/browse/games/score/userscore/all/filtered?page=1)
2021-04-28 09:19:41 [scrapy] DEBUG: Crawled (200) <GET https://www.metacritic.com/game/pc/thief-the-dark-project> (referer: https://www.metacritic.com/browse/games/score/userscore/all/filtered?page=1)
2021-04-28 09:19:41 [scrapy] DEBUG: Crawled (200) <GET https://www.metacritic.com/game/playstation/gran-turismo-2> (referer: https://www.metacritic.com/browse/games/score/userscore/all/filtered?page=1)
2021-04-28 09:19:41 [scrapy] DEBUG: Retrying <GET https://www.metacritic.com/game/nintendo-64/paper-mario> (failed 1 times): 429 Unknown Status
2021-04-28 09:19:42 [scrapy] DEBUG: Crawled (200) <GET https://www.metacritic.com/game/playstation/vagrant-story> (referer: https://www.metacritic.com/browse/games/score/userscore/all/filtered?page=1)
2021-04-28 09:19:42 [scrapy] DEBUG: Crawled (200) <GET https://www.metacritic.com/game/pc/unreal-tournament-1999> (referer: https://www.metacritic.com/browse/games/score/userscore/all/filtered?page=1)
2021-04-28 09:19:42 [scrapy] DEBUG: Crawled (200) <GET https://www.metacritic.com/game/pc/thief-ii-the-metal-age> (referer: https://www.metacritic.com/browse/games/score/userscore/all/filtered?page=1)
2021-04-28 09:19:43 [scrapy] DEBUG: Crawled (200) <GET https://www.metacritic.com/game/dreamcast/resident-evil-3-nemesis> (referer: https://www.metacritic.com/browse/games/score/userscore/all/filtered?page=1)
2021-04-28 09:19:43 [scrapy] DEBUG: Crawled (200) <GET https://www.metacritic.com/game/dreamcast/xtreme-sports> (referer: https://www.metacritic.com/browse/games/score/userscore/all/filtered?page=1)
2021-04-28 09:19:43 [scrapy] DEBUG: Crawled (200) <GET https://www.metacritic.com/game/playstation/final-fantasy-ix> (referer: https://www.metacritic.com/browse/games/score/userscore/all/filtered?page=1)
2021-04-28 09:19:43 [scrapy] DEBUG: Crawled (200) <GET https://www.metacritic.com/game/gamecube/pikmin-2> (referer: https://www.metacritic.com/browse/games/score/userscore/all/filtered?page=1)
2021-04-28 09:19:43 [scrapy] DEBUG: Scraped from <200 https://www.metacritic.com/game/dreamcast/xtreme-sports>
{'id': 'fd672bfddde6520ebaf22304434beac58682b8393ae30eb5647b3302e8ad3f51',
 'img_url': 'https://static.metacritic.com/images/products/games/2/0b768dc8dfec6a6cba0119a83ece4e2a-98.jpg',
 'link': 'https://www.metacritic.com/game/dreamcast/xtreme-sports',
 'metaScore': '69',
 'meta_mixed': 9,
 'meta_negative': 0,
 'meta_positive': 4,
 'name': 'Xtreme Sports',
 'platform': 'Dreamcast',
 'publisher': 'Infogrames',
 'releaseDate': 'Nov 27, 2000',
 'summary': 'Blazing Xtreme Sports action! Test your skills in 6 hot extreme '
            'sports including bungee jumping and skysurfing. Battle to victory '
            'in intense triple even racing! Explore 5 exotic real-world '
            'locations including Mt. Kilamanjaro, Maui, and the Himalayas, '
            'with 12 multi environment tracks to choose from. Relive the '
            'action with instant replay!',
 'userScore': '9.0',
 'user_mixed': 0,
 'user_negative': 0,
 'user_positive': 0}
2021-04-28 09:19:43 [scrapy] DEBUG: Crawled (200) <GET https://www.metacritic.com/game/playstation-2/burnout-3-takedown> (referer: https://www.metacritic.com/browse/games/score/userscore/all/filtered?page=1)
2021-04-28 09:19:43 [scrapy] DEBUG: Crawled (200) <GET https://www.metacritic.com/game/nintendo-64/conkers-bad-fur-day> (referer: https://www.metacritic.com/browse/games/score/userscore/all/filtered?page=1)
2021-04-28 09:19:44 [scrapy] DEBUG: Crawled (200) <GET https://www.metacritic.com/game/playstation-2/ratchet-clank-up-your-arsenal> (referer: https://www.metacritic.com/browse/games/score/userscore/all/filtered?page=1)
2021-04-28 09:19:44 [scrapy] DEBUG: Crawled (200) <GET https://www.metacritic.com/game/pc/rome-total-war> (referer: https://www.metacritic.com/browse/games/score/userscore/all/filtered?page=1)
2021-04-28 09:19:44 [scrapy] DEBUG: Crawled (200) <GET https://www.metacritic.com/game/game-boy-advance/golden-sun> (referer: https://www.metacritic.com/browse/games/score/userscore/all/filtered?page=1)
2021-04-28 09:19:44 [scrapy] DEBUG: Crawled (200) <GET https://www.metacritic.com/game/xbox/tom-clancys-splinter-cell-chaos-theory> (referer: https://www.metacritic.com/browse/games/score/userscore/all/filtered?page=1)
2021-04-28 09:19:44 [scrapy] DEBUG: Crawled (200) <GET https://www.metacritic.com/game/pc/day-of-defeat-source> (referer: https://www.metacritic.com/browse/games/score/userscore/all/filtered?page=1)
2021-04-28 09:19:44 [scrapy] DEBUG: Crawled (200) <GET https://www.metacritic.com/game/xbox/doom-3-resurrection-of-evil> (referer: https://www.metacritic.com/browse/games/score/userscore/all/filtered?page=1)
2021-04-28 09:19:44 [scrapy] DEBUG: Crawled (200) <GET https://www.metacritic.com/game/xbox/nfl-2k2> (referer: https://www.metacritic.com/browse/games/score/userscore/all/filtered?page=1)
2021-04-28 09:19:44 [scrapy] DEBUG: Crawled (200) <GET https://www.metacritic.com/game/game-boy-advance/super-mario-world-super-mario-advance-2> (referer: https://www.metacritic.com/browse/games/score/userscore/all/filtered?page=1)
2021-04-28 09:19:45 [scrapy] DEBUG: Crawled (200) <GET https://www.metacritic.com/game/pc/star-wars-knights-of-the-old-republic> (referer: https://www.metacritic.com/browse/games/score/userscore/all/filtered?page=1)
2021-04-28 09:19:45 [scrapy] DEBUG: Crawled (200) <GET https://www.metacritic.com/game/playstation/crash-team-racing> (referer: https://www.metacritic.com/browse/games/score/userscore/all/filtered?page=1)
2021-04-28 09:19:45 [scrapy] DEBUG: Crawled (200) <GET https://www.metacritic.com/game/gamecube/tales-of-symphonia> (referer: https://www.metacritic.com/browse/games/score/userscore/all/filtered?page=1)
2021-04-28 09:19:46 [scrapy] DEBUG: Crawled (200) <GET https://www.metacritic.com/game/ds/phoenix-wright-ace-attorney> (referer: https://www.metacritic.com/browse/games/score/userscore/all/filtered?page=1)
2021-04-28 09:19:46 [scrapy] DEBUG: Crawled (200) <GET https://www.metacritic.com/game/playstation-2/kingdom-hearts-ii> (referer: https://www.metacritic.com/browse/games/score/userscore/all/filtered?page=1)
2021-04-28 09:19:46 [scrapy] DEBUG: Crawled (200) <GET https://www.metacritic.com/game/playstation-2/star-wars-battlefront-ii-2005> (referer: https://www.metacritic.com/browse/games/score/userscore/all/filtered?page=1)
2021-04-28 09:19:47 [scrapy] DEBUG: Crawled (200) <GET https://www.metacritic.com/game/ds/phoenix-wright-ace-attorney---trials-and-tribulations> (referer: https://www.metacritic.com/browse/games/score/userscore/all/filtered?page=1)
2021-04-28 09:19:47 [scrapy] DEBUG: Crawled (200) <GET https://www.metacritic.com/game/playstation-2/god-of-war-ii> (referer: https://www.metacritic.com/browse/games/score/userscore/all/filtered?page=1)
2021-04-28 09:19:47 [scrapy] DEBUG: Crawled (200) <GET https://www.metacritic.com/game/xbox-360/red-dead-redemption> (referer: https://www.metacritic.com/browse/games/score/userscore/all/filtered?page=1)
2021-04-28 09:19:47 [scrapy] DEBUG: Crawled (200) <GET https://www.metacritic.com/game/3ds/the-legend-of-zelda-ocarina-of-time-3d> (referer: https://www.metacritic.com/browse/games/score/userscore/all/filtered?page=1)
2021-04-28 09:19:47 [scrapy] DEBUG: Retrying <GET https://www.metacritic.com/game/3ds/fire-emblem-awakening> (failed 1 times): 429 Unknown Status
2021-04-28 09:19:47 [scrapy] DEBUG: Crawled (200) <GET https://www.metacritic.com/game/pc/portal> (referer: https://www.metacritic.com/browse/games/score/userscore/all/filtered?page=1)
2021-04-28 09:19:48 [scrapy] DEBUG: Crawled (200) <GET https://www.metacritic.com/game/pc/medieval-ii-total-war> (referer: https://www.metacritic.com/browse/games/score/userscore/all/filtered?page=1)
2021-04-28 09:19:48 [scrapy] DEBUG: Crawled (200) <GET https://www.metacritic.com/game/nintendo-64/paper-mario> (referer: https://www.metacritic.com/browse/games/score/userscore/all/filtered?page=1)
2021-04-28 09:19:48 [scrapy] DEBUG: Crawled (200) <GET https://www.metacritic.com/game/playstation-2/dragon-ball-z-budokai-tenkaichi-3> (referer: https://www.metacritic.com/browse/games/score/userscore/all/filtered?page=1)
2021-04-28 09:19:48 [scrapy] DEBUG: Crawled (200) <GET https://www.metacritic.com/game/playstation/legacy-of-kain-soul-reaver> (referer: https://www.metacritic.com/browse/games/score/userscore/all/filtered?page=1)
2021-04-28 09:19:48 [scrapy] DEBUG: Crawled (200) <GET https://www.metacritic.com/game/ds/pokemon-mystery-dungeon-explorers-of-sky> (referer: https://www.metacritic.com/browse/games/score/userscore/all/filtered?page=1)
2021-04-28 09:19:48 [scrapy] DEBUG: Crawled (200) <GET https://www.metacritic.com/game/pc/to-the-moon> (referer: https://www.metacritic.com/browse/games/score/userscore/all/filtered?page=1)
2021-04-28 09:19:48 [scrapy] DEBUG: Crawled (200) <GET https://www.metacritic.com/game/wii/metroid-prime-trilogy> (referer: https://www.metacritic.com/browse/games/score/userscore/all/filtered?page=1)
2021-04-28 09:19:48 [scrapy] DEBUG: Crawled (200) <GET https://www.metacritic.com/game/playstation-2/the-king-of-fighters-collection-the-orochi-saga> (referer: https://www.metacritic.com/browse/games/score/userscore/all/filtered?page=1)
2021-04-28 09:19:48 [scrapy] DEBUG: Crawled (200) <GET https://www.metacritic.com/game/pc/the-secret-of-monkey-island-special-edition> (referer: https://www.metacritic.com/browse/games/score/userscore/all/filtered?page=1)
2021-04-28 09:19:48 [scrapy] DEBUG: Scraped from <200 https://www.metacritic.com/game/ds/pokemon-mystery-dungeon-explorers-of-sky>
{'id': '4dba3d07f4a002bc1c071df3bf51b1302d46798077809729af5c8e6cffb26850',
 'img_url': 'https://static.metacritic.com/images/products/games/6/5716f92b0968a1412337d1c9d7f05f9f-98.jpg',
 'link': 'https://www.metacritic.com/game/ds/pokemon-mystery-dungeon-explorers-of-sky',
 'metaScore': '54',
 'meta_mixed': 15,
 'meta_negative': 9,
 'meta_positive': 2,
 'name': 'Pokemon Mystery Dungeon: Explorers of Sky',
 'platform': 'DS',
 'publisher': 'Nintendo',
 'releaseDate': 'Oct 12, 2009',
 'summary': 'Pokémon Mystery Dungeon: Explorers of Sky is the newest '
            'installment in the Pokémon Mystery Dungeon video game series. The '
            'game expands on the fun found in Pokémon Mystery Dungeon: '
            'Explorers of Time and Pokémon Mystery Dungeon: Explorers of '
            'Darkness. Players be a Pokémon and team up with a partner '
            'Pokémon. Together the two set out on an adventure of exploration '
            'and discovery, ultimately saving the world from destruction. With '
            'additional Pokémon to be, new “Special Episodes” and enhanced '
            'communication features, this is a grand adventure with a moving '
            'story and stunning finale. This game is a great starting point '
            'for players to enter the world of Pokémon Mystery Dungeon and for '
            'returning players to discover even more secrets. [Nintendo]',
 'userScore': '9.0',
 'user_mixed': 1,
 'user_negative': 4,
 'user_positive': 106}
2021-04-28 09:19:48 [scrapy] DEBUG: Scraped from <200 https://www.metacritic.com/game/playstation-2/the-king-of-fighters-collection-the-orochi-saga>
{'id': 'd3d916fb7b5f899a1c538b17d163d0773cdfb82a9310e10f398d5b57c1e8f3cd',
 'img_url': 'https://static.metacritic.com/images/products/games/8/28690fc9eb06ad2f5fa84593aebdeaad-98.jpg',
 'link': 'https://www.metacritic.com/game/playstation-2/the-king-of-fighters-collection-the-orochi-saga',
 'metaScore': '67',
 'meta_mixed': 8,
 'meta_negative': 1,
 'meta_positive': 5,
 'name': 'The King of Fighters Collection: The Orochi Saga',
 'platform': 'PlayStation 2',
 'publisher': 'SNK Playmore',
 'releaseDate': 'Oct 28, 2008',
 'summary': 'I love this game with my favorite Kof but the wii version is the '
            'best for load times and minimal glitches and if you do get the '
            'wii version spring for a classic controller',
 'userScore': '9.0',
 'user_mixed': 0,
 'user_negative': 0,
 'user_positive': 1}
2021-04-28 09:19:48 [scrapy] DEBUG: Crawled (200) <GET https://www.metacritic.com/game/xbox-360/mass-effect-2> (referer: https://www.metacritic.com/browse/games/score/userscore/all/filtered?page=1)
2021-04-28 09:19:48 [scrapy] DEBUG: Crawled (200) <GET https://www.metacritic.com/game/playstation-3/ratchet-clank-future-a-crack-in-time> (referer: https://www.metacritic.com/browse/games/score/userscore/all/filtered?page=1)
2021-04-28 09:19:49 [scrapy] DEBUG: Crawled (200) <GET https://www.metacritic.com/game/playstation-3/metal-gear-solid-hd-collection> (referer: https://www.metacritic.com/browse/games/score/userscore/all/filtered?page=1)
2021-04-28 09:19:49 [scrapy] DEBUG: Crawled (200) <GET https://www.metacritic.com/game/3ds/fire-emblem-awakening> (referer: https://www.metacritic.com/browse/games/score/userscore/all/filtered?page=1)
2021-04-28 09:19:49 [scrapy] DEBUG: Crawled (200) <GET https://www.metacritic.com/game/wii-u/the-legend-of-zelda-the-wind-waker-hd> (referer: https://www.metacritic.com/browse/games/score/userscore/all/filtered?page=1)
2021-04-28 09:19:54 [scrapy] DEBUG: Crawled (200) <GET https://www.metacritic.com/game/playstation-2/resident-evil-4> (referer: https://www.metacritic.com/browse/games/score/userscore/all/filtered?page=1)
2021-04-28 09:19:55 [scrapy] INFO: Closing spider (finished)
2021-04-28 09:19:55 [scrapy] INFO: Dumping Scrapy stats:
{'downloader/request_bytes': 37516,
 'downloader/request_count': 110,
 'downloader/request_method_count/GET': 110,
 'downloader/response_bytes': 3340222,
 'downloader/response_count': 110,
 'downloader/response_status_count/200': 102,
 'downloader/response_status_count/429': 3,
 'downloader/response_status_count/504': 5,
 'elapsed_time_seconds': 33.524307,
 'finish_reason': 'finished',
 'finish_time': datetime.datetime(2021, 4, 28, 14, 19, 55, 96804),
 'httpcompression/response_bytes': 23540376,
 'httpcompression/response_count': 102,
 'item_scraped_count': 4,
 'log_count/DEBUG': 221,
 'log_count/ERROR': 2,
 'log_count/INFO': 13,
 'memusage/max': 224813056,
 'memusage/startup': 224813056,
 'request_depth_max': 1,
 'response_received_count': 102,
 'retry/count': 8,
 'retry/reason_count/429 Unknown Status': 3,
 'retry/reason_count/504 Gateway Time-out': 5,
 'robotstxt/request_count': 1,
 'robotstxt/response_count': 1,
 'robotstxt/response_status_count/200': 1,
 'scheduler/dequeued': 109,
 'scheduler/dequeued/memory': 109,
 'scheduler/enqueued': 109,
 'scheduler/enqueued/memory': 109,
 'start_time': datetime.datetime(2021, 4, 28, 14, 19, 21, 572497)}
2021-04-28 09:19:55 [scrapy] INFO: Spider closed (finished)
