2021-04-28 10:50:53 [scrapy] DEBUG: Crawled (200) <GET https://www.metacritic.com/robots.txt> (referer: None)
2021-04-28 10:50:53 [scrapy] DEBUG: Crawled (200) <GET https://www.metacritic.com/browse/games/score/userscore/all/filtered?page=0> (referer: None)
2021-04-28 10:50:53 [scrapy] DEBUG: Crawled (200) <GET https://www.metacritic.com/game/playstation-2/grimgrimoire> (referer: https://www.metacritic.com/browse/games/score/userscore/all/filtered?page=0)
2021-04-28 10:50:53 [scrapy] DEBUG: Crawled (200) <GET https://www.metacritic.com/game/playstation-2/grand-theft-auto-san-andreas> (referer: https://www.metacritic.com/browse/games/score/userscore/all/filtered?page=0)
2021-04-28 10:50:53 [scrapy] DEBUG: Scraped from <200 https://www.metacritic.com/game/playstation-2/grimgrimoire>
{'id': 'a1dded3ebe032fdf8085ffa4020c155b15e28e238e2e9039904f90c191375454',
 'img_url': 'https://static.metacritic.com/images/products/games/4/e29484df3fe842429c61a74e21b5878c-98.jpg',
 'link': 'https://www.metacritic.com/game/playstation-2/grimgrimoire',
 'metaScore': '79',
 'meta_mixed': 8,
 'meta_negative': 0,
 'meta_positive': 31,
 'name': 'GrimGrimoire',
 'platform': 'PlayStation 2',
 'publisher': 'NIS America',
 'releaseDate': 'Jun 26, 2007',
 'summary': 'Lillet Blan was very excited. Her heart had been racing since the '
            'moment she heard Lillet had been invited to enroll into a Magic '
            'Academy where only talented youths were personally sought out by '
            'the greatest wizards. The school was lead by the famous wizard, '
            'Gammel Dore, who had once defeated the Archmage. And the campus '
            'on which they study, the Silver Star tower, was once the '
            "destroyed Archmage's castle. The tower was full of unsolved "
            'mysteries and dangers, and this attracted many who had their own '
            'personal reasons in mind. Lilet had opened her first grimoire, '
            'and began her studies. But only five days later, a terrifying '
            'disaster threatens the academy, and all lives are lost. All '
            'except she, who had traveled back throgh time without knowing '
            'why...Can Lillet come closer to the truth by repeating days? Can '
            'she end the nightmare at the end of those five days? [NIS '
            'America]',
 'userScore': '9.8',
 'user_mixed': 1,
 'user_negative': 6,
 'user_positive': 7}
2021-04-28 10:50:53 [scrapy] DEBUG: Crawled (200) <GET https://www.metacritic.com/game/playstation-3/kingdom-hearts-hd-25-remix> (referer: https://www.metacritic.com/browse/games/score/userscore/all/filtered?page=0)
2021-04-28 10:50:53 [scrapy] DEBUG: Crawled (200) <GET https://www.metacritic.com/game/playstation-4/god-of-war> (referer: https://www.metacritic.com/browse/games/score/userscore/all/filtered?page=0)
2021-04-28 10:50:53 [scrapy] DEBUG: Crawled (200) <GET https://www.metacritic.com/game/playstation-4/ghost-of-tsushima> (referer: https://www.metacritic.com/browse/games/score/userscore/all/filtered?page=0)
2021-04-28 10:50:53 [scrapy] DEBUG: Crawled (200) <GET https://www.metacritic.com/game/pc/the-witcher-3-wild-hunt> (referer: https://www.metacritic.com/browse/games/score/userscore/all/filtered?page=0)
2021-04-28 10:50:53 [scrapy] DEBUG: Crawled (200) <GET https://www.metacritic.com/game/pc/the-witcher-3-wild-hunt---blood-and-wine> (referer: https://www.metacritic.com/browse/games/score/userscore/all/filtered?page=0)
2021-04-28 10:50:53 [scrapy] DEBUG: Crawled (200) <GET https://www.metacritic.com/game/playstation-5/it-takes-two> (referer: https://www.metacritic.com/browse/games/score/userscore/all/filtered?page=0)
2021-04-28 10:50:53 [scrapy] DEBUG: Crawled (200) <GET https://www.metacritic.com/game/gamecube/resident-evil> (referer: https://www.metacritic.com/browse/games/score/userscore/all/filtered?page=0)
2021-04-28 10:50:53 [scrapy] DEBUG: Crawled (200) <GET https://www.metacritic.com/game/playstation-5/astros-playroom> (referer: https://www.metacritic.com/browse/games/score/userscore/all/filtered?page=0)
2021-04-28 10:50:54 [scrapy] DEBUG: Crawled (200) <GET https://www.metacritic.com/game/pc/hollow-knight> (referer: https://www.metacritic.com/browse/games/score/userscore/all/filtered?page=0)
2021-04-28 10:50:54 [scrapy] DEBUG: Crawled (200) <GET https://www.metacritic.com/game/pc/final-fantasy-xiv-shadowbringers> (referer: https://www.metacritic.com/browse/games/score/userscore/all/filtered?page=0)
2021-04-28 10:50:54 [scrapy] DEBUG: Crawled (200) <GET https://www.metacritic.com/game/playstation-4/the-witcher-3-wild-hunt---hearts-of-stone> (referer: https://www.metacritic.com/browse/games/score/userscore/all/filtered?page=0)
2021-04-28 10:50:54 [scrapy] DEBUG: Crawled (200) <GET https://www.metacritic.com/game/xbox-one/nier-automata---become-as-gods-edition> (referer: https://www.metacritic.com/browse/games/score/userscore/all/filtered?page=0)
2021-04-28 10:50:54 [scrapy] DEBUG: Crawled (200) <GET https://www.metacritic.com/game/xbox-one/doom-eternal> (referer: https://www.metacritic.com/browse/games/score/userscore/all/filtered?page=0)
2021-04-28 10:50:54 [scrapy] DEBUG: Crawled (200) <GET https://www.metacritic.com/game/playstation-4/spongebob-squarepants-battle-for-bikini-bottom---rehydrated> (referer: https://www.metacritic.com/browse/games/score/userscore/all/filtered?page=0)
2021-04-28 10:50:54 [scrapy] DEBUG: Crawled (200) <GET https://www.metacritic.com/game/switch/hollow-knight> (referer: https://www.metacritic.com/browse/games/score/userscore/all/filtered?page=0)
2021-04-28 10:50:54 [scrapy] DEBUG: Crawled (200) <GET https://www.metacritic.com/game/switch/hades> (referer: https://www.metacritic.com/browse/games/score/userscore/all/filtered?page=0)
2021-04-28 10:50:54 [scrapy] DEBUG: Crawled (200) <GET https://www.metacritic.com/game/playstation-4/13-sentinels-aegis-rim> (referer: https://www.metacritic.com/browse/games/score/userscore/all/filtered?page=0)
2021-04-28 10:50:54 [scrapy] DEBUG: Crawled (200) <GET https://www.metacritic.com/game/playstation/resident-evil> (referer: https://www.metacritic.com/browse/games/score/userscore/all/filtered?page=0)
2021-04-28 10:50:54 [scrapy] DEBUG: Crawled (200) <GET https://www.metacritic.com/game/playstation/final-fantasy-vii> (referer: https://www.metacritic.com/browse/games/score/userscore/all/filtered?page=0)
2021-04-28 10:50:54 [scrapy] DEBUG: Crawled (200) <GET https://www.metacritic.com/game/playstation/final-fantasy-tactics> (referer: https://www.metacritic.com/browse/games/score/userscore/all/filtered?page=0)
2021-04-28 10:50:54 [scrapy] DEBUG: Crawled (200) <GET https://www.metacritic.com/game/pc/starcraft> (referer: https://www.metacritic.com/browse/games/score/userscore/all/filtered?page=0)
2021-04-28 10:50:54 [scrapy] DEBUG: Crawled (200) <GET https://www.metacritic.com/game/playstation/tekken-3> (referer: https://www.metacritic.com/browse/games/score/userscore/all/filtered?page=0)
2021-04-28 10:50:54 [scrapy] DEBUG: Crawled (200) <GET https://www.metacritic.com/game/nintendo-64/banjo-kazooie> (referer: https://www.metacritic.com/browse/games/score/userscore/all/filtered?page=0)
2021-04-28 10:50:54 [scrapy] DEBUG: Crawled (200) <GET https://www.metacritic.com/game/pc/fallout-2> (referer: https://www.metacritic.com/browse/games/score/userscore/all/filtered?page=0)
2021-04-28 10:50:54 [scrapy] DEBUG: Scraped from <200 https://www.metacritic.com/game/playstation-4/spongebob-squarepants-battle-for-bikini-bottom---rehydrated>
{'id': 'aee85ddbb1399989efbf40ef784e8fa0ef7637365dbb7aa42f91e57a0b89c73f',
 'img_url': 'https://static.metacritic.com/images/products/games/8/0b7aeed9411d6a7eb9ada6b7943b6974-98.jpg',
 'link': 'https://www.metacritic.com/game/playstation-4/spongebob-squarepants-battle-for-bikini-bottom---rehydrated',
 'metaScore': '68',
 'meta_mixed': 18,
 'meta_negative': 2,
 'meta_positive': 18,
 'name': 'SpongeBob SquarePants: Battle for Bikini Bottom - Rehydrated',
 'platform': 'PlayStation 4',
 'publisher': 'THQ Nordic',
 'releaseDate': 'Jun 23, 2020',
 'summary': 'Are you ready, kids? The cult classic is back, faithfully remade '
            'in spongetastic splendor! Play as SpongeBob, Patrick and Sandy '
            'and show the evil Plankton that crime pays even less than Mr. '
            'Krabs. Want to save Bikini Bottom from lots of rampant robots '
            'with your mighty bubbles? Of course you do! Want to underpants '
            "bungee jump? Why wouldn't you! Want to join forces in a brand new "
            'multiplayer mode? The battle is on!',
 'userScore': '9.0',
 'user_mixed': 31,
 'user_negative': 58,
 'user_positive': 840}
2021-04-28 10:50:55 [scrapy] DEBUG: Crawled (200) <GET https://www.metacritic.com/game/playstation/suikoden-ii> (referer: https://www.metacritic.com/browse/games/score/userscore/all/filtered?page=0)
2021-04-28 10:50:55 [scrapy] DEBUG: Crawled (200) <GET https://www.metacritic.com/game/pc/age-of-empires-ii-the-conquerors-expansion> (referer: https://www.metacritic.com/browse/games/score/userscore/all/filtered?page=0)
2021-04-28 10:50:55 [scrapy] DEBUG: Crawled (200) <GET https://www.metacritic.com/game/nintendo-64/the-legend-of-zelda-ocarina-of-time> (referer: https://www.metacritic.com/browse/games/score/userscore/all/filtered?page=0)
2021-04-28 10:50:55 [scrapy] DEBUG: Crawled (200) <GET https://www.metacritic.com/game/pc/grim-fandango> (referer: https://www.metacritic.com/browse/games/score/userscore/all/filtered?page=0)
2021-04-28 10:50:55 [scrapy] DEBUG: Crawled (200) <GET https://www.metacritic.com/game/pc/half-life> (referer: https://www.metacritic.com/browse/games/score/userscore/all/filtered?page=0)
2021-04-28 10:50:55 [scrapy] DEBUG: Crawled (200) <GET https://www.metacritic.com/game/pc/baldurs-gate-ii-shadows-of-amn> (referer: https://www.metacritic.com/browse/games/score/userscore/all/filtered?page=0)
2021-04-28 10:50:55 [scrapy] DEBUG: Crawled (200) <GET https://www.metacritic.com/game/pc/system-shock-2> (referer: https://www.metacritic.com/browse/games/score/userscore/all/filtered?page=0)
2021-04-28 10:50:55 [scrapy] DEBUG: Crawled (200) <GET https://www.metacritic.com/game/nintendo-64/the-legend-of-zelda-majoras-mask> (referer: https://www.metacritic.com/browse/games/score/userscore/all/filtered?page=0)
2021-04-28 10:50:55 [scrapy] DEBUG: Crawled (200) <GET https://www.metacritic.com/game/pc/day-of-defeat> (referer: https://www.metacritic.com/browse/games/score/userscore/all/filtered?page=0)
2021-04-28 10:50:55 [scrapy] DEBUG: Crawled (200) <GET https://www.metacritic.com/game/gamecube/super-smash-bros-melee> (referer: https://www.metacritic.com/browse/games/score/userscore/all/filtered?page=0)
2021-04-28 10:50:55 [scrapy] DEBUG: Crawled (200) <GET https://www.metacritic.com/game/dreamcast/shenmue-ii> (referer: https://www.metacritic.com/browse/games/score/userscore/all/filtered?page=0)
2021-04-28 10:50:55 [scrapy] DEBUG: Crawled (200) <GET https://www.metacritic.com/game/pc/diablo-ii-lord-of-destruction> (referer: https://www.metacritic.com/browse/games/score/userscore/all/filtered?page=0)
2021-04-28 10:50:55 [scrapy] DEBUG: Crawled (200) <GET https://www.metacritic.com/game/xbox/star-wars-knights-of-the-old-republic> (referer: https://www.metacritic.com/browse/games/score/userscore/all/filtered?page=0)
2021-04-28 10:50:55 [scrapy] DEBUG: Crawled (200) <GET https://www.metacritic.com/game/pc/max-payne> (referer: https://www.metacritic.com/browse/games/score/userscore/all/filtered?page=0)
2021-04-28 10:50:55 [scrapy] DEBUG: Crawled (200) <GET https://www.metacritic.com/game/game-boy-advance/fire-emblem> (referer: https://www.metacritic.com/browse/games/score/userscore/all/filtered?page=0)
2021-04-28 10:50:55 [scrapy] DEBUG: Crawled (200) <GET https://www.metacritic.com/game/playstation-2/devil-may-cry-3-dantes-awakening> (referer: https://www.metacritic.com/browse/games/score/userscore/all/filtered?page=0)
2021-04-28 10:50:55 [scrapy] DEBUG: Crawled (200) <GET https://www.metacritic.com/game/playstation-2/shadow-of-the-colossus> (referer: https://www.metacritic.com/browse/games/score/userscore/all/filtered?page=0)
2021-04-28 10:50:55 [scrapy] DEBUG: Crawled (200) <GET https://www.metacritic.com/game/playstation-2/devil-may-cry-3-special-edition> (referer: https://www.metacritic.com/browse/games/score/userscore/all/filtered?page=0)
2021-04-28 10:50:55 [scrapy] DEBUG: Crawled (200) <GET https://www.metacritic.com/game/playstation-2/metal-gear-solid-3-subsistence> (referer: https://www.metacritic.com/browse/games/score/userscore/all/filtered?page=0)
2021-04-28 10:50:55 [scrapy] DEBUG: Crawled (200) <GET https://www.metacritic.com/game/playstation-2/okami> (referer: https://www.metacritic.com/browse/games/score/userscore/all/filtered?page=0)
2021-04-28 10:50:55 [scrapy] DEBUG: Crawled (200) <GET https://www.metacritic.com/game/playstation-2/metal-gear-solid-3-snake-eater> (referer: https://www.metacritic.com/browse/games/score/userscore/all/filtered?page=0)
2021-04-28 10:50:55 [scrapy] DEBUG: Crawled (200) <GET https://www.metacritic.com/game/gamecube/paper-mario-the-thousand-year-door> (referer: https://www.metacritic.com/browse/games/score/userscore/all/filtered?page=0)
2021-04-28 10:50:55 [scrapy] DEBUG: Crawled (200) <GET https://www.metacritic.com/game/psp/final-fantasy-tactics-the-war-of-the-lions> (referer: https://www.metacritic.com/browse/games/score/userscore/all/filtered?page=0)
2021-04-28 10:50:55 [scrapy] DEBUG: Crawled (200) <GET https://www.metacritic.com/game/pc/team-fortress-2> (referer: https://www.metacritic.com/browse/games/score/userscore/all/filtered?page=0)
2021-04-28 10:50:55 [scrapy] DEBUG: Crawled (200) <GET https://www.metacritic.com/game/wii/super-mario-galaxy> (referer: https://www.metacritic.com/browse/games/score/userscore/all/filtered?page=0)
2021-04-28 10:50:55 [scrapy] DEBUG: Crawled (200) <GET https://www.metacritic.com/game/pc/left-4-dead> (referer: https://www.metacritic.com/browse/games/score/userscore/all/filtered?page=0)
2021-04-28 10:50:55 [scrapy] DEBUG: Crawled (200) <GET https://www.metacritic.com/game/ds/chrono-trigger> (referer: https://www.metacritic.com/browse/games/score/userscore/all/filtered?page=0)
2021-04-28 10:50:55 [scrapy] DEBUG: Crawled (200) <GET https://www.metacritic.com/game/ds/pokemon-heartgold-version> (referer: https://www.metacritic.com/browse/games/score/userscore/all/filtered?page=0)
2021-04-28 10:50:55 [scrapy] DEBUG: Crawled (200) <GET https://www.metacritic.com/game/wii/super-mario-galaxy-2> (referer: https://www.metacritic.com/browse/games/score/userscore/all/filtered?page=0)
2021-04-28 10:50:56 [scrapy] DEBUG: Crawled (200) <GET https://www.metacritic.com/game/playstation-3/vanquish> (referer: https://www.metacritic.com/browse/games/score/userscore/all/filtered?page=0)
2021-04-28 10:50:56 [scrapy] DEBUG: Crawled (200) <GET https://www.metacritic.com/game/wii/xenoblade-chronicles> (referer: https://www.metacritic.com/browse/games/score/userscore/all/filtered?page=0)
2021-04-28 10:50:56 [scrapy] DEBUG: Crawled (200) <GET https://www.metacritic.com/game/pc/the-witcher-3-wild-hunt---hearts-of-stone> (referer: https://www.metacritic.com/browse/games/score/userscore/all/filtered?page=0)
2021-04-28 10:50:56 [scrapy] DEBUG: Crawled (200) <GET https://www.metacritic.com/game/xbox-one/the-evil-within-2> (referer: https://www.metacritic.com/browse/games/score/userscore/all/filtered?page=0)
2021-04-28 10:50:56 [scrapy] DEBUG: Crawled (200) <GET https://www.metacritic.com/game/wii-u/xenoblade-chronicles-x> (referer: https://www.metacritic.com/browse/games/score/userscore/all/filtered?page=0)
2021-04-28 10:50:56 [scrapy] DEBUG: Crawled (200) <GET https://www.metacritic.com/game/playstation-4/the-witcher-3-wild-hunt---blood-and-wine> (referer: https://www.metacritic.com/browse/games/score/userscore/all/filtered?page=0)
2021-04-28 10:50:56 [scrapy] DEBUG: Crawled (200) <GET https://www.metacritic.com/game/pc/factorio> (referer: https://www.metacritic.com/browse/games/score/userscore/all/filtered?page=0)
2021-04-28 10:50:56 [scrapy] DEBUG: Crawled (200) <GET https://www.metacritic.com/game/pc/age-of-empires-ii-the-age-of-kings> (referer: https://www.metacritic.com/browse/games/score/userscore/all/filtered?page=0)
2021-04-28 10:50:56 [scrapy] DEBUG: Crawled (200) <GET https://www.metacritic.com/game/playstation/metal-gear-solid> (referer: https://www.metacritic.com/browse/games/score/userscore/all/filtered?page=0)
2021-04-28 10:50:56 [scrapy] DEBUG: Crawled (200) <GET https://www.metacritic.com/game/pc/deus-ex> (referer: https://www.metacritic.com/browse/games/score/userscore/all/filtered?page=0)
2021-04-28 10:50:56 [scrapy] DEBUG: Crawled (200) <GET https://www.metacritic.com/game/playstation/xenogears> (referer: https://www.metacritic.com/browse/games/score/userscore/all/filtered?page=0)
2021-04-28 10:50:56 [scrapy] DEBUG: Crawled (200) <GET https://www.metacritic.com/game/playstation/resident-evil-2> (referer: https://www.metacritic.com/browse/games/score/userscore/all/filtered?page=0)
2021-04-28 10:50:56 [scrapy] DEBUG: Crawled (200) <GET https://www.metacritic.com/game/switch/monster-hunter-rise> (referer: https://www.metacritic.com/browse/games/score/userscore/all/filtered?page=0)
2021-04-28 10:50:56 [scrapy] DEBUG: Crawled (200) <GET https://www.metacritic.com/game/pc/planescape-torment> (referer: https://www.metacritic.com/browse/games/score/userscore/all/filtered?page=0)
2021-04-28 10:50:56 [scrapy] DEBUG: Crawled (200) <GET https://www.metacritic.com/game/playstation/castlevania-symphony-of-the-night> (referer: https://www.metacritic.com/browse/games/score/userscore/all/filtered?page=0)
2021-04-28 10:50:56 [scrapy] DEBUG: Crawled (200) <GET https://www.metacritic.com/game/nintendo-64/super-mario-64> (referer: https://www.metacritic.com/browse/games/score/userscore/all/filtered?page=0)
2021-04-28 10:50:56 [scrapy] DEBUG: Crawled (200) <GET https://www.metacritic.com/game/pc/counter-strike> (referer: https://www.metacritic.com/browse/games/score/userscore/all/filtered?page=0)
2021-04-28 10:50:56 [scrapy] DEBUG: Crawled (200) <GET https://www.metacritic.com/game/playstation-2/silent-hill-2> (referer: https://www.metacritic.com/browse/games/score/userscore/all/filtered?page=0)
2021-04-28 10:50:56 [scrapy] DEBUG: Crawled (200) <GET https://www.metacritic.com/game/dreamcast/resident-evil-2> (referer: https://www.metacritic.com/browse/games/score/userscore/all/filtered?page=0)
2021-04-28 10:50:56 [scrapy] DEBUG: Crawled (200) <GET https://www.metacritic.com/game/pc/warcraft-iii-reign-of-chaos> (referer: https://www.metacritic.com/browse/games/score/userscore/all/filtered?page=0)
2021-04-28 10:50:56 [scrapy] DEBUG: Crawled (200) <GET https://www.metacritic.com/game/pc/mafia> (referer: https://www.metacritic.com/browse/games/score/userscore/all/filtered?page=0)
2021-04-28 10:50:56 [scrapy] DEBUG: Crawled (200) <GET https://www.metacritic.com/game/pc/warcraft-iii-the-frozen-throne> (referer: https://www.metacritic.com/browse/games/score/userscore/all/filtered?page=0)
2021-04-28 10:50:56 [scrapy] DEBUG: Crawled (200) <GET https://www.metacritic.com/game/pc/half-life-2> (referer: https://www.metacritic.com/browse/games/score/userscore/all/filtered?page=0)
2021-04-28 10:50:56 [scrapy] DEBUG: Crawled (200) <GET https://www.metacritic.com/game/gamecube/resident-evil-4> (referer: https://www.metacritic.com/browse/games/score/userscore/all/filtered?page=0)
2021-04-28 10:50:56 [scrapy] DEBUG: Crawled (200) <GET https://www.metacritic.com/game/playstation-2/god-hand> (referer: https://www.metacritic.com/browse/games/score/userscore/all/filtered?page=0)
2021-04-28 10:50:56 [scrapy] DEBUG: Crawled (200) <GET https://www.metacritic.com/game/pc/the-orange-box> (referer: https://www.metacritic.com/browse/games/score/userscore/all/filtered?page=0)
2021-04-28 10:50:56 [scrapy] DEBUG: Crawled (200) <GET https://www.metacritic.com/game/pc/half-life-2-episode-two> (referer: https://www.metacritic.com/browse/games/score/userscore/all/filtered?page=0)
2021-04-28 10:50:56 [scrapy] DEBUG: Crawled (200) <GET https://www.metacritic.com/game/ds/pokemon-soulsilver-version> (referer: https://www.metacritic.com/browse/games/score/userscore/all/filtered?page=0)
2021-04-28 10:50:57 [scrapy] DEBUG: Crawled (200) <GET https://www.metacritic.com/game/xbox-360/vanquish> (referer: https://www.metacritic.com/browse/games/score/userscore/all/filtered?page=0)
2021-04-28 10:50:57 [scrapy] DEBUG: Crawled (200) <GET https://www.metacritic.com/game/playstation-3/the-last-of-us> (referer: https://www.metacritic.com/browse/games/score/userscore/all/filtered?page=0)
2021-04-28 10:50:57 [scrapy] DEBUG: Crawled (200) <GET https://www.metacritic.com/game/playstation-4/the-last-of-us-remastered> (referer: https://www.metacritic.com/browse/games/score/userscore/all/filtered?page=0)
2021-04-28 10:50:57 [scrapy] DEBUG: Crawled (200) <GET https://www.metacritic.com/game/xbox-one/the-witcher-3-wild-hunt> (referer: https://www.metacritic.com/browse/games/score/userscore/all/filtered?page=0)
2021-04-28 10:50:57 [scrapy] DEBUG: Crawled (200) <GET https://www.metacritic.com/game/playstation-4/the-witcher-3-wild-hunt> (referer: https://www.metacritic.com/browse/games/score/userscore/all/filtered?page=0)
2021-04-28 10:50:57 [scrapy] DEBUG: Crawled (200) <GET https://www.metacritic.com/game/xbox-series-x/judgment> (referer: https://www.metacritic.com/browse/games/score/userscore/all/filtered?page=0)
2021-04-28 10:50:57 [scrapy] DEBUG: Crawled (200) <GET https://www.metacritic.com/game/playstation-3/rochard> (referer: https://www.metacritic.com/browse/games/score/userscore/all/filtered?page=0)
2021-04-28 10:50:57 [scrapy] DEBUG: Crawled (200) <GET https://www.metacritic.com/game/pc/diaries-of-a-spaceport-janitor> (referer: https://www.metacritic.com/browse/games/score/userscore/all/filtered?page=0)
2021-04-28 10:50:57 [scrapy] DEBUG: Crawled (200) <GET https://www.metacritic.com/game/playstation-4/crystar> (referer: https://www.metacritic.com/browse/games/score/userscore/all/filtered?page=0)
2021-04-28 10:50:57 [scrapy] DEBUG: Crawled (200) <GET https://www.metacritic.com/game/switch/superliminal> (referer: https://www.metacritic.com/browse/games/score/userscore/all/filtered?page=0)
2021-04-28 10:50:57 [scrapy] DEBUG: Crawled (200) <GET https://www.metacritic.com/game/xbox-one/superliminal> (referer: https://www.metacritic.com/browse/games/score/userscore/all/filtered?page=0)
2021-04-28 10:50:57 [scrapy] DEBUG: Crawled (200) <GET https://www.metacritic.com/game/pc/wraith-the-oblivion---afterlife> (referer: https://www.metacritic.com/browse/games/score/userscore/all/filtered?page=0)
2021-04-28 10:50:57 [scrapy] DEBUG: Crawled (200) <GET https://www.metacritic.com/game/xbox-360/after-burner-climax> (referer: https://www.metacritic.com/browse/games/score/userscore/all/filtered?page=0)
2021-04-28 10:50:57 [scrapy] DEBUG: Crawled (200) <GET https://www.metacritic.com/game/ds/metal-torrent> (referer: https://www.metacritic.com/browse/games/score/userscore/all/filtered?page=0)
2021-04-28 10:50:57 [scrapy] DEBUG: Crawled (200) <GET https://www.metacritic.com/game/psp/zhp-unlosing-ranger-vs-darkdeath-evilman> (referer: https://www.metacritic.com/browse/games/score/userscore/all/filtered?page=0)
2021-04-28 10:50:57 [scrapy] DEBUG: Crawled (200) <GET https://www.metacritic.com/game/ds/ghost-trick-phantom-detective> (referer: https://www.metacritic.com/browse/games/score/userscore/all/filtered?page=0)
2021-04-28 10:50:58 [scrapy] DEBUG: Scraped from <200 https://www.metacritic.com/game/pc/diaries-of-a-spaceport-janitor>
{'id': '7c0710fc5a90a94a7fef4d9c95b70ce111be704afa09d70f9514073b32e89fb1',
 'img_url': 'https://static.metacritic.com/images/products/games/3/497391d273ce09f50aa11ffdf8b48e21-98.jpg',
 'link': 'https://www.metacritic.com/game/pc/diaries-of-a-spaceport-janitor',
 'metaScore': '69',
 'meta_mixed': 2,
 'meta_negative': 0,
 'meta_positive': 5,
 'name': 'Diaries of a Spaceport Janitor',
 'platform': 'PC',
 'publisher': 'tinyBuild',
 'releaseDate': 'Sep 16, 2016',
 'summary': 'If you’re the type of person who likes bizarre and different '
            'indie games and doesn’t mind getting lost or meter management, '
            'Diaries of a Spaceport Janitor is one you should definitely look '
            'into.',
 'userScore': '9.6',
 'user_mixed': 2,
 'user_negative': 16,
 'user_positive': 4}
2021-04-28 10:50:58 [scrapy] DEBUG: Crawled (200) <GET https://www.metacritic.com/game/wii-u/tengami> (referer: https://www.metacritic.com/browse/games/score/userscore/all/filtered?page=0)
2021-04-28 10:50:58 [scrapy] DEBUG: Scraped from <200 https://www.metacritic.com/game/playstation-4/crystar>
{'id': '687157376eb541f057341122b148d4f911d740286a01ceb2f6e598de534c8414',
 'img_url': 'https://static.metacritic.com/images/products/games/8/e628991d91cbe6f604c5c86342fdeedd-98.jpg',
 'link': 'https://www.metacritic.com/game/playstation-4/crystar',
 'metaScore': '67',
 'meta_mixed': 8,
 'meta_negative': 1,
 'meta_positive': 4,
 'name': 'Crystar',
 'platform': 'PlayStation 4',
 'publisher': 'Spike Chunsoft',
 'releaseDate': 'Aug 27, 2019',
 'summary': 'Let me just say that yes, the game has some flaws (mostly when it '
            'comes to gameplay), but despite those flaws I enjoyed my '
            "playthrough so much that I'm giving it a 10/10 regardless. I'll "
            'instead rate each individual element of the game below to give an '
            'idea of what to expect going in.',
 'userScore': '9.6',
 'user_mixed': 4,
 'user_negative': 9,
 'user_positive': 12}
2021-04-28 10:50:58 [scrapy] DEBUG: Scraped from <200 https://www.metacritic.com/game/xbox-one/superliminal>
{'id': 'cafe31795e26268c33f585e61b2981916b1ffb0fae64f4420cb6ce528f77c917',
 'img_url': 'https://static.metacritic.com/images/products/games/9/78a511d24ef7419527898bba988583ef-98.jpg',
 'link': 'https://www.metacritic.com/game/xbox-one/superliminal',
 'metaScore': '80',
 'meta_mixed': 2,
 'meta_negative': 0,
 'meta_positive': 6,
 'name': 'Superliminal',
 'platform': 'Xbox One',
 'publisher': 'Pillow Castle Games',
 'releaseDate': 'Jul  7, 2020',
 'summary': 'Fitting in neatly with the lineage of previous optical illusion '
            'based puzzlers such as Echochrome and Crush. Superlimnal brings a '
            'first-person view to the table. It spent many years (Original '
            'reveal was all the way back in 2013!) in development, and it is '
            'certainly worth the wait!',
 'userScore': '9.6',
 'user_mixed': 2,
 'user_negative': 5,
 'user_positive': 3}
2021-04-28 10:50:58 [scrapy] DEBUG: Scraped from <200 https://www.metacritic.com/game/pc/wraith-the-oblivion---afterlife>
{'id': '40a681336aeb9c5b9517d9ca3464183206567bafcda848bb18d203b1c1f8aa25',
 'img_url': 'https://static.metacritic.com/images/products/games/6/dbb31f8578482c7eb6da340c58783969-98.jpg',
 'link': 'https://www.metacritic.com/game/pc/wraith-the-oblivion---afterlife',
 'metaScore': '73',
 'meta_mixed': 1,
 'meta_negative': 1,
 'meta_positive': 6,
 'name': 'Wraith: The Oblivion - Afterlife',
 'platform': 'PC',
 'publisher': 'Fast Travel Games',
 'releaseDate': 'Apr 22, 2021',
 'summary': 'The atmosphere in this game is insanely good and the soundscape '
            'and moody lighting is what does it. Distant footsteps and '
            'creaking floor made me shudder as I walked through the dark '
            'corridors of the mansion.',
 'userScore': '9.6',
 'user_mixed': 0,
 'user_negative': 0,
 'user_positive': 2}
2021-04-28 10:50:58 [scrapy] DEBUG: Scraped from <200 https://www.metacritic.com/game/xbox-360/after-burner-climax>
{'id': '686a16ccd66509db036677fd798d81e13b25401a646bd4f4e4a44ab47ab14627',
 'img_url': 'https://static.metacritic.com/images/products/games/4/eb68f1f7a4222f8f0b966a8b4b98601c-98.jpg',
 'link': 'https://www.metacritic.com/game/xbox-360/after-burner-climax',
 'metaScore': '72',
 'meta_mixed': 14,
 'meta_negative': 1,
 'meta_positive': 16,
 'name': 'After Burner Climax',
 'platform': 'Xbox 360',
 'publisher': 'Sega',
 'releaseDate': 'Apr 21, 2010',
 'summary': '[Xbox Live Arcade]  The classic arcade game After Burner has now '
            'returned for a new generation of gamers. After Burner Climax is '
            'fast and frantic action, putting you in the cockpit of the '
            'world’s fastest fighter plane. Dodge planes, rockets and bullets '
            'while trying to target multiple on-screen enemy aircraft. Built '
            'for all skill levels, everyone will be able to take to the air '
            'and blaze through a branching storyline and over 20 stages. '
            'Unlock achievements along the way to unlock exclusive Avatar '
            'Awards using your experience and expertise. [Sega]',
 'userScore': '9.7',
 'user_mixed': 0,
 'user_negative': 1,
 'user_positive': 3}
2021-04-28 10:50:58 [scrapy] DEBUG: Scraped from <200 https://www.metacritic.com/game/ds/metal-torrent>
{'id': 'fd2e1a82b27292a9b47ee85aa16041fea68396b855fa922210a20ea7aec92c22',
 'img_url': 'https://static.metacritic.com/images/products/games/1/2ecf7826bf58aae2df9fe54208645138-98.jpg',
 'link': 'https://www.metacritic.com/game/ds/metal-torrent',
 'metaScore': '62',
 'meta_mixed': 7,
 'meta_negative': 1,
 'meta_positive': 1,
 'name': 'Metal Torrent',
 'platform': 'DS',
 'publisher': 'Nintendo',
 'releaseDate': 'May 24, 2010',
 'summary': '[DSiWare]  Prepare for a high level of intensity as you pilot a '
            'solo ship deep into enemy space in this vertically scrolling '
            'shooter. Battle wave after wave of relentless attackers aiming to '
            'do one thing - destroy you! Your goal, beyond mere survival, is '
            'simple: Get the highest score possible and earn bragging rights '
            'in online leaderboards. Two powerful fighters are at your '
            'disposal: the Accipiter and Bateleur, tailored for beginner or '
            'expert players. Progress through eight phases of action and take '
            'out enemies by tactically using your weapons: an unlimited-fire '
            'blaster weapon available to both ships and an energy-consuming '
            'special weapon unique to each craft. Absorb energy cubes from '
            'destroyed enemies to replenish your energy gauge and increase '
            'your score. Collect a series of consecutive cubes to create a '
            'chain and boost your score even higher. Choose from pattern or '
            'random modes to vary the level of challenge, but the real '
            'indication of skill comes from competing with players around the '
            'world for the highest score possible. Use Nintendo Wi-Fi '
            'Connection to upload your score to the online leaderboards to see '
            "where you stack up or even view replays of top-ranking players' "
            'games and study their secrets. Do you have what it takes to be '
            'the best?',
 'userScore': '9.7',
 'user_mixed': 0,
 'user_negative': 3,
 'user_positive': 1}
2021-04-28 10:50:58 [scrapy] DEBUG: Scraped from <200 https://www.metacritic.com/game/wii-u/tengami>
{'id': '7a7af97e18f57e5d7644f7e800d8db77e8b923d157e2d81db71292acaf69bf73',
 'img_url': 'https://static.metacritic.com/images/products/games/6/653e33761e2d8327b23d092f84233fce-98.jpg',
 'link': 'https://www.metacritic.com/game/wii-u/tengami',
 'metaScore': '70',
 'meta_mixed': 7,
 'meta_negative': 1,
 'meta_positive': 7,
 'name': 'Tengami',
 'platform': 'Wii U',
 'publisher': 'Nyamyam',
 'releaseDate': 'Nov 13, 2014',
 'summary': 'Set in Japan of ancient dark fairy tales, Tengami is an '
            'explorative adventure game full of wonder and mystery. Players '
            'explore a beautifully paper architected pop-up world that folds '
            'and unfolds at their fingertips to solve puzzles and make '
            'progress. Tengami has a striking minimalistic art style inspired '
            'by traditional Japanese arts and crafts.',
 'userScore': '9.7',
 'user_mixed': 0,
 'user_negative': 0,
 'user_positive': 3}
2021-04-28 10:50:58 [scrapy] INFO: Closing spider (finished)
2021-04-28 10:50:58 [scrapy] INFO: Dumping Scrapy stats:
{'downloader/request_bytes': 34625,
 'downloader/request_count': 102,
 'downloader/request_method_count/GET': 102,
 'downloader/response_bytes': 3421947,
 'downloader/response_count': 102,
 'downloader/response_status_count/200': 102,
 'elapsed_time_seconds': 5.098469,
 'finish_reason': 'finished',
 'finish_time': datetime.datetime(2021, 4, 28, 15, 50, 58, 429135),
 'httpcompression/response_bytes': 24433795,
 'httpcompression/response_count': 102,
 'item_scraped_count': 9,
 'log_count/DEBUG': 111,
 'log_count/INFO': 7,
 'memusage/max': 63094784,
 'memusage/startup': 63094784,
 'request_depth_max': 1,
 'response_received_count': 102,
 'robotstxt/request_count': 1,
 'robotstxt/response_count': 1,
 'robotstxt/response_status_count/200': 1,
 'scheduler/dequeued': 101,
 'scheduler/dequeued/memory': 101,
 'scheduler/enqueued': 101,
 'scheduler/enqueued/memory': 101,
 'start_time': datetime.datetime(2021, 4, 28, 15, 50, 53, 330666)}
2021-04-28 10:50:58 [scrapy] INFO: Spider closed (finished)
